2015-02-24 14:54:03 [-][-][-][error][yii\db\Exception] exception 'PDOException' with message 'SQLSTATE[42S01]: Base table or view already exists: 1050 Table 'user' already exists' in C:\xampp\htdocs\advanced\vendor\yiisoft\yii2\db\Command.php:768
Stack trace:
#0 C:\xampp\htdocs\advanced\vendor\yiisoft\yii2\db\Command.php(768): PDOStatement->execute()
#1 C:\xampp\htdocs\advanced\vendor\yiisoft\yii2\db\Migration.php(248): yii\db\Command->execute()
#2 C:\xampp\htdocs\advanced\console\migrations\m130524_201442_init.php(27): yii\db\Migration->createTable('{{%user}}', Array, 'CHARACTER SET u...')
#3 C:\xampp\htdocs\advanced\vendor\yiisoft\yii2\console\controllers\BaseMigrateController.php(489): m130524_201442_init->up()
#4 C:\xampp\htdocs\advanced\vendor\yiisoft\yii2\console\controllers\BaseMigrateController.php(126): yii\console\controllers\BaseMigrateController->migrateUp('m130524_201442_...')
#5 [internal function]: yii\console\controllers\BaseMigrateController->actionUp(0)
#6 C:\xampp\htdocs\advanced\vendor\yiisoft\yii2\base\InlineAction.php(55): call_user_func_array(Array, Array)
#7 C:\xampp\htdocs\advanced\vendor\yiisoft\yii2\base\Controller.php(151): yii\base\InlineAction->runWithParams(Array)
#8 C:\xampp\htdocs\advanced\vendor\yiisoft\yii2\console\Controller.php(91): yii\base\Controller->runAction('', Array)
#9 C:\xampp\htdocs\advanced\vendor\yiisoft\yii2\base\Module.php(455): yii\console\Controller->runAction('', Array)
#10 C:\xampp\htdocs\advanced\vendor\yiisoft\yii2\console\Application.php(161): yii\base\Module->runAction('migrate', Array)
#11 C:\xampp\htdocs\advanced\vendor\yiisoft\yii2\console\Application.php(137): yii\console\Application->runAction('migrate', Array)
#12 C:\xampp\htdocs\advanced\vendor\yiisoft\yii2\base\Application.php(375): yii\console\Application->handleRequest(Object(yii\console\Request))
#13 C:\xampp\htdocs\advanced\yii(31): yii\base\Application->run()
#14 {main}

Next exception 'yii\db\Exception' with message 'SQLSTATE[42S01]: Base table or view already exists: 1050 Table 'user' already exists
The SQL being executed was: CREATE TABLE `user` (
	`id` int(11) NOT NULL AUTO_INCREMENT PRIMARY KEY,
	`username` varchar(255) NOT NULL,
	`auth_key` varchar(32) NOT NULL,
	`password_hash` varchar(255) NOT NULL,
	`password_reset_token` varchar(255),
	`email` varchar(255) NOT NULL,
	`status` smallint(6) NOT NULL DEFAULT 10,
	`created_at` int(11) NOT NULL,
	`updated_at` int(11) NOT NULL
) CHARACTER SET utf8 COLLATE utf8_unicode_ci ENGINE=InnoDB' in C:\xampp\htdocs\advanced\vendor\yiisoft\yii2\db\Schema.php:532
Stack trace:
#0 C:\xampp\htdocs\advanced\vendor\yiisoft\yii2\db\Command.php(776): yii\db\Schema->convertException(Object(PDOException), 'CREATE TABLE `u...')
#1 C:\xampp\htdocs\advanced\vendor\yiisoft\yii2\db\Migration.php(248): yii\db\Command->execute()
#2 C:\xampp\htdocs\advanced\console\migrations\m130524_201442_init.php(27): yii\db\Migration->createTable('{{%user}}', Array, 'CHARACTER SET u...')
#3 C:\xampp\htdocs\advanced\vendor\yiisoft\yii2\console\controllers\BaseMigrateController.php(489): m130524_201442_init->up()
#4 C:\xampp\htdocs\advanced\vendor\yiisoft\yii2\console\controllers\BaseMigrateController.php(126): yii\console\controllers\BaseMigrateController->migrateUp('m130524_201442_...')
#5 [internal function]: yii\console\controllers\BaseMigrateController->actionUp(0)
#6 C:\xampp\htdocs\advanced\vendor\yiisoft\yii2\base\InlineAction.php(55): call_user_func_array(Array, Array)
#7 C:\xampp\htdocs\advanced\vendor\yiisoft\yii2\base\Controller.php(151): yii\base\InlineAction->runWithParams(Array)
#8 C:\xampp\htdocs\advanced\vendor\yiisoft\yii2\console\Controller.php(91): yii\base\Controller->runAction('', Array)
#9 C:\xampp\htdocs\advanced\vendor\yiisoft\yii2\base\Module.php(455): yii\console\Controller->runAction('', Array)
#10 C:\xampp\htdocs\advanced\vendor\yiisoft\yii2\console\Application.php(161): yii\base\Module->runAction('migrate', Array)
#11 C:\xampp\htdocs\advanced\vendor\yiisoft\yii2\console\Application.php(137): yii\console\Application->runAction('migrate', Array)
#12 C:\xampp\htdocs\advanced\vendor\yiisoft\yii2\base\Application.php(375): yii\console\Application->handleRequest(Object(yii\console\Request))
#13 C:\xampp\htdocs\advanced\yii(31): yii\base\Application->run()
#14 {main}
Additional Information:
Array
(
    [0] => 42S01
    [1] => 1050
    [2] => Table 'user' already exists
)

2015-02-24 14:53:58 [-][-][-][info][application] $_SERVER = [
    'ALLUSERSPROFILE' => 'C:\\ProgramData'
    'APPDATA' => 'C:\\Users\\Erika Hidalgo\\AppData\\Roaming'
    'asl_log' => 'Destination=file'
    'CommonProgramFiles' => 'C:\\Program Files\\Common Files'
    'COMPUTERNAME' => 'ERIKAHIDALGO-PC'
    'ComSpec' => 'C:\\Windows\\system32\\cmd.exe'
    'FP_NO_HOST_CHECK' => 'NO'
    'HOMEDRIVE' => 'C:'
    'HOMEPATH' => '\\Users\\Erika Hidalgo'
    'JAVA_HOME' => 'C:\\Program Files\\Java\\jre7'
    'LOCALAPPDATA' => 'C:\\Users\\Erika Hidalgo\\AppData\\Local'
    'LOGONSERVER' => '\\\\ERIKAHIDALGO-PC'
    'NUMBER_OF_PROCESSORS' => '4'
    'OS' => 'Windows_NT'
    'Path' => 'C:\\Windows\\system32;C:\\Windows;C:\\Windows\\System32\\Wbem;C:\\Windows\\System32\\WindowsPowerShell\\v1.0\\;C:\\Program Files\\WIDCOMM\\Bluetooth Software\\;C:\\Program Files\\Microsoft SQL Server\\90\\Tools\\binn\\;C:\\Program Files\\TortoiseSVN\\bin;C:\\Program Files\\TortoiseGit\\bin;C:\\xampp\\php;C:\\ProgramData\\ComposerSetup\\bin'
    'PATHEXT' => '.COM;.EXE;.BAT;.CMD;.VBS;.VBE;.JS;.JSE;.WSF;.WSH;.MSC'
    'PHP_COMMAND' => 'php.exe'
    'PROCESSOR_ARCHITECTURE' => 'x86'
    'PROCESSOR_IDENTIFIER' => 'x86 Family 6 Model 37 Stepping 5, GenuineIntel'
    'PROCESSOR_LEVEL' => '6'
    'PROCESSOR_REVISION' => '2505'
    'ProgramData' => 'C:\\ProgramData'
    'ProgramFiles' => 'C:\\Program Files'
    'PROMPT' => '$P$G'
    'PSModulePath' => 'C:\\Windows\\system32\\WindowsPowerShell\\v1.0\\Modules\\'
    'PUBLIC' => 'C:\\Users\\Public'
    'SESSIONNAME' => 'Console'
    'SystemDrive' => 'C:'
    'SystemRoot' => 'C:\\Windows'
    'TEMP' => 'C:\\Users\\ERIKAH~1\\AppData\\Local\\Temp'
    'TMP' => 'C:\\Users\\ERIKAH~1\\AppData\\Local\\Temp'
    'USERDOMAIN' => 'ErikaHidalgo-PC'
    'USERNAME' => 'Erika Hidalgo'
    'USERPROFILE' => 'C:\\Users\\Erika Hidalgo'
    'VS90COMNTOOLS' => 'c:\\Program Files\\Microsoft Visual Studio 9.0\\Common7\\Tools\\'
    'windir' => 'C:\\Windows'
    'YII_PATH' => 'C:\\xampp\\htdocs\\advanced\\'
    'PHP_SELF' => 'C:\\xampp\\htdocs\\advanced\\yii'
    'SCRIPT_NAME' => 'C:\\xampp\\htdocs\\advanced\\yii'
    'SCRIPT_FILENAME' => 'C:\\xampp\\htdocs\\advanced\\yii'
    'PATH_TRANSLATED' => 'C:\\xampp\\htdocs\\advanced\\yii'
    'DOCUMENT_ROOT' => ''
    'REQUEST_TIME_FLOAT' => 1424786038.9309
    'REQUEST_TIME' => 1424786038
    'argv' => [
        0 => 'C:\\xampp\\htdocs\\advanced\\yii'
        1 => 'migrate'
    ]
    'argc' => 2
]
2015-03-04 07:11:22 [-][-][-][error][yii\db\Exception] exception 'PDOException' with message 'SQLSTATE[42S01]: Base table or view already exists: 1050 Table 'user' already exists' in C:\SOFTDEV\apc-softdev-it111-04\application\JMGTCC\vendor\yiisoft\yii2\db\Command.php:768
Stack trace:
#0 C:\SOFTDEV\apc-softdev-it111-04\application\JMGTCC\vendor\yiisoft\yii2\db\Command.php(768): PDOStatement->execute()
#1 C:\SOFTDEV\apc-softdev-it111-04\application\JMGTCC\vendor\yiisoft\yii2\db\Migration.php(248): yii\db\Command->execute()
#2 C:\SOFTDEV\apc-softdev-it111-04\application\JMGTCC\console\migrations\m130524_201442_init.php(27): yii\db\Migration->createTable('{{%user}}', Array, 'CHARACTER SET u...')
#3 C:\SOFTDEV\apc-softdev-it111-04\application\JMGTCC\vendor\yiisoft\yii2\console\controllers\BaseMigrateController.php(489): m130524_201442_init->up()
#4 C:\SOFTDEV\apc-softdev-it111-04\application\JMGTCC\vendor\yiisoft\yii2\console\controllers\BaseMigrateController.php(126): yii\console\controllers\BaseMigrateController->migrateUp('m130524_201442_...')
#5 [internal function]: yii\console\controllers\BaseMigrateController->actionUp(0)
#6 C:\SOFTDEV\apc-softdev-it111-04\application\JMGTCC\vendor\yiisoft\yii2\base\InlineAction.php(55): call_user_func_array(Array, Array)
#7 C:\SOFTDEV\apc-softdev-it111-04\application\JMGTCC\vendor\yiisoft\yii2\base\Controller.php(151): yii\base\InlineAction->runWithParams(Array)
#8 C:\SOFTDEV\apc-softdev-it111-04\application\JMGTCC\vendor\yiisoft\yii2\console\Controller.php(91): yii\base\Controller->runAction('', Array)
#9 C:\SOFTDEV\apc-softdev-it111-04\application\JMGTCC\vendor\yiisoft\yii2\base\Module.php(455): yii\console\Controller->runAction('', Array)
#10 C:\SOFTDEV\apc-softdev-it111-04\application\JMGTCC\vendor\yiisoft\yii2\console\Application.php(161): yii\base\Module->runAction('migrate', Array)
#11 C:\SOFTDEV\apc-softdev-it111-04\application\JMGTCC\vendor\yiisoft\yii2\console\Application.php(137): yii\console\Application->runAction('migrate', Array)
#12 C:\SOFTDEV\apc-softdev-it111-04\application\JMGTCC\vendor\yiisoft\yii2\base\Application.php(375): yii\console\Application->handleRequest(Object(yii\console\Request))
#13 C:\SOFTDEV\apc-softdev-it111-04\application\JMGTCC\yii(31): yii\base\Application->run()
#14 {main}

Next exception 'yii\db\Exception' with message 'SQLSTATE[42S01]: Base table or view already exists: 1050 Table 'user' already exists
The SQL being executed was: CREATE TABLE `user` (
	`id` int(11) NOT NULL AUTO_INCREMENT PRIMARY KEY,
	`username` varchar(255) NOT NULL,
	`auth_key` varchar(32) NOT NULL,
	`password_hash` varchar(255) NOT NULL,
	`password_reset_token` varchar(255),
	`email` varchar(255) NOT NULL,
	`status` smallint(6) NOT NULL DEFAULT 10,
	`created_at` int(11) NOT NULL,
	`updated_at` int(11) NOT NULL
) CHARACTER SET utf8 COLLATE utf8_unicode_ci ENGINE=InnoDB' in C:\SOFTDEV\apc-softdev-it111-04\application\JMGTCC\vendor\yiisoft\yii2\db\Schema.php:532
Stack trace:
#0 C:\SOFTDEV\apc-softdev-it111-04\application\JMGTCC\vendor\yiisoft\yii2\db\Command.php(776): yii\db\Schema->convertException(Object(PDOException), 'CREATE TABLE `u...')
#1 C:\SOFTDEV\apc-softdev-it111-04\application\JMGTCC\vendor\yiisoft\yii2\db\Migration.php(248): yii\db\Command->execute()
#2 C:\SOFTDEV\apc-softdev-it111-04\application\JMGTCC\console\migrations\m130524_201442_init.php(27): yii\db\Migration->createTable('{{%user}}', Array, 'CHARACTER SET u...')
#3 C:\SOFTDEV\apc-softdev-it111-04\application\JMGTCC\vendor\yiisoft\yii2\console\controllers\BaseMigrateController.php(489): m130524_201442_init->up()
#4 C:\SOFTDEV\apc-softdev-it111-04\application\JMGTCC\vendor\yiisoft\yii2\console\controllers\BaseMigrateController.php(126): yii\console\controllers\BaseMigrateController->migrateUp('m130524_201442_...')
#5 [internal function]: yii\console\controllers\BaseMigrateController->actionUp(0)
#6 C:\SOFTDEV\apc-softdev-it111-04\application\JMGTCC\vendor\yiisoft\yii2\base\InlineAction.php(55): call_user_func_array(Array, Array)
#7 C:\SOFTDEV\apc-softdev-it111-04\application\JMGTCC\vendor\yiisoft\yii2\base\Controller.php(151): yii\base\InlineAction->runWithParams(Array)
#8 C:\SOFTDEV\apc-softdev-it111-04\application\JMGTCC\vendor\yiisoft\yii2\console\Controller.php(91): yii\base\Controller->runAction('', Array)
#9 C:\SOFTDEV\apc-softdev-it111-04\application\JMGTCC\vendor\yiisoft\yii2\base\Module.php(455): yii\console\Controller->runAction('', Array)
#10 C:\SOFTDEV\apc-softdev-it111-04\application\JMGTCC\vendor\yiisoft\yii2\console\Application.php(161): yii\base\Module->runAction('migrate', Array)
#11 C:\SOFTDEV\apc-softdev-it111-04\application\JMGTCC\vendor\yiisoft\yii2\console\Application.php(137): yii\console\Application->runAction('migrate', Array)
#12 C:\SOFTDEV\apc-softdev-it111-04\application\JMGTCC\vendor\yiisoft\yii2\base\Application.php(375): yii\console\Application->handleRequest(Object(yii\console\Request))
#13 C:\SOFTDEV\apc-softdev-it111-04\application\JMGTCC\yii(31): yii\base\Application->run()
#14 {main}
Additional Information:
Array
(
    [0] => 42S01
    [1] => 1050
    [2] => Table 'user' already exists
)

2015-03-04 07:11:17 [-][-][-][info][application] $_SERVER = [
    'ALLUSERSPROFILE' => 'C:\\ProgramData'
    'APPDATA' => 'C:\\Users\\Erika Hidalgo\\AppData\\Roaming'
    'asl_log' => 'Destination=file'
    'CommonProgramFiles' => 'C:\\Program Files\\Common Files'
    'COMPUTERNAME' => 'ERIKAHIDALGO-PC'
    'ComSpec' => 'C:\\Windows\\system32\\cmd.exe'
    'FP_NO_HOST_CHECK' => 'NO'
    'HOMEDRIVE' => 'C:'
    'HOMEPATH' => '\\Users\\Erika Hidalgo'
    'JAVA_HOME' => 'C:\\Program Files\\Java\\jre7'
    'LOCALAPPDATA' => 'C:\\Users\\Erika Hidalgo\\AppData\\Local'
    'LOGONSERVER' => '\\\\ERIKAHIDALGO-PC'
    'NUMBER_OF_PROCESSORS' => '4'
    'OS' => 'Windows_NT'
    'Path' => 'C:\\Windows\\system32;C:\\Windows;C:\\Windows\\System32\\Wbem;C:\\Windows\\System32\\WindowsPowerShell\\v1.0\\;C:\\Program Files\\WIDCOMM\\Bluetooth Software\\;C:\\Program Files\\Microsoft SQL Server\\90\\Tools\\binn\\;C:\\Program Files\\TortoiseSVN\\bin;C:\\Program Files\\TortoiseGit\\bin;C:\\xampp\\php;C:\\ProgramData\\ComposerSetup\\bin'
    'PATHEXT' => '.COM;.EXE;.BAT;.CMD;.VBS;.VBE;.JS;.JSE;.WSF;.WSH;.MSC'
    'PHP_COMMAND' => 'php.exe'
    'PROCESSOR_ARCHITECTURE' => 'x86'
    'PROCESSOR_IDENTIFIER' => 'x86 Family 6 Model 37 Stepping 5, GenuineIntel'
    'PROCESSOR_LEVEL' => '6'
    'PROCESSOR_REVISION' => '2505'
    'ProgramData' => 'C:\\ProgramData'
    'ProgramFiles' => 'C:\\Program Files'
    'PROMPT' => '$P$G'
    'PSModulePath' => 'C:\\Windows\\system32\\WindowsPowerShell\\v1.0\\Modules\\'
    'PUBLIC' => 'C:\\Users\\Public'
    'SESSIONNAME' => 'Console'
    'SystemDrive' => 'C:'
    'SystemRoot' => 'C:\\Windows'
    'TEMP' => 'C:\\Users\\ERIKAH~1\\AppData\\Local\\Temp'
    'TMP' => 'C:\\Users\\ERIKAH~1\\AppData\\Local\\Temp'
    'USERDOMAIN' => 'ErikaHidalgo-PC'
    'USERNAME' => 'Erika Hidalgo'
    'USERPROFILE' => 'C:\\Users\\Erika Hidalgo'
    'VS90COMNTOOLS' => 'c:\\Program Files\\Microsoft Visual Studio 9.0\\Common7\\Tools\\'
    'windir' => 'C:\\Windows'
    'YII_PATH' => 'C:\\xampp\\htdocs\\JMGTCC\\'
    'PHP_SELF' => 'C:\\xampp\\htdocs\\JMGTCC\\yii'
    'SCRIPT_NAME' => 'C:\\xampp\\htdocs\\JMGTCC\\yii'
    'SCRIPT_FILENAME' => 'C:\\xampp\\htdocs\\JMGTCC\\yii'
    'PATH_TRANSLATED' => 'C:\\xampp\\htdocs\\JMGTCC\\yii'
    'DOCUMENT_ROOT' => ''
    'REQUEST_TIME_FLOAT' => 1425449477.6886
    'REQUEST_TIME' => 1425449477
    'argv' => [
        0 => 'C:\\xampp\\htdocs\\JMGTCC\\yii'
        1 => 'migrate'
    ]
    'argc' => 2
]
