2015-02-24 14:56:21 [::1][-][-][error][yii\base\InvalidParamException] exception 'yii\base\InvalidParamException' with message 'The view file does not exist: C:\xampp\htdocs\advanced\backend\views\accommodation\index.php' in C:\xampp\htdocs\advanced\vendor\yiisoft\yii2\base\View.php:226
Stack trace:
#0 C:\xampp\htdocs\advanced\vendor\yiisoft\yii2\base\View.php(149): yii\base\View->renderFile('C:\xampp\htdocs...', Array, Object(backend\controllers\AccommodationController))
#1 C:\xampp\htdocs\advanced\vendor\yiisoft\yii2\base\Controller.php(367): yii\base\View->render('index', Array, Object(backend\controllers\AccommodationController))
#2 C:\xampp\htdocs\advanced\backend\controllers\AccommodationController.php(41): yii\base\Controller->render('index', Array)
#3 [internal function]: backend\controllers\AccommodationController->actionIndex()
#4 C:\xampp\htdocs\advanced\vendor\yiisoft\yii2\base\InlineAction.php(55): call_user_func_array(Array, Array)
#5 C:\xampp\htdocs\advanced\vendor\yiisoft\yii2\base\Controller.php(151): yii\base\InlineAction->runWithParams(Array)
#6 C:\xampp\htdocs\advanced\vendor\yiisoft\yii2\base\Module.php(455): yii\base\Controller->runAction('', Array)
#7 C:\xampp\htdocs\advanced\vendor\yiisoft\yii2\web\Application.php(83): yii\base\Module->runAction('accommodation', Array)
#8 C:\xampp\htdocs\advanced\vendor\yiisoft\yii2\base\Application.php(375): yii\web\Application->handleRequest(Object(yii\web\Request))
#9 C:\xampp\htdocs\advanced\backend\web\index.php(18): yii\base\Application->run()
#10 {main}
2015-02-24 14:56:19 [::1][-][-][info][application] $_GET = [
    'r' => 'accommodation'
]

$_COOKIE = [
    'PHPSESSID' => 'mks3umq2kqko6bg3pbsj4jgl16'
    '_csrf' => '926948548c840f056bd0fb4f3b19f290c144fbe5cc3b5e9a6021fee1b379fd5cs:32:\"yrHPdfJQxAXP9rt5O9jZcYzdabkwkGYk\";'
]

$_SERVER = [
    'MIBDIRS' => 'C:/xampp/php/extras/mibs'
    'MYSQL_HOME' => '\\xampp\\mysql\\bin'
    'OPENSSL_CONF' => 'C:/xampp/apache/bin/openssl.cnf'
    'PHP_PEAR_SYSCONF_DIR' => '\\xampp\\php'
    'PHPRC' => '\\xampp\\php'
    'TMP' => '\\xampp\\tmp'
    'HTTP_HOST' => 'localhost'
    'HTTP_CONNECTION' => 'keep-alive'
    'HTTP_ACCEPT' => 'text/html,application/xhtml+xml,application/xml;q=0.9,image/webp,*/*;q=0.8'
    'HTTP_USER_AGENT' => 'Mozilla/5.0 (Windows NT 6.1) AppleWebKit/537.36 (KHTML, like Gecko) Chrome/40.0.2214.115 Safari/537.36'
    'HTTP_ACCEPT_ENCODING' => 'gzip, deflate'
    'HTTP_ACCEPT_LANGUAGE' => 'en-US,en;q=0.8'
    'HTTP_COOKIE' => 'PHPSESSID=mks3umq2kqko6bg3pbsj4jgl16; _csrf=926948548c840f056bd0fb4f3b19f290c144fbe5cc3b5e9a6021fee1b379fd5cs%3A32%3A%22yrHPdfJQxAXP9rt5O9jZcYzdabkwkGYk%22%3B'
    'PATH' => 'C:\\Windows\\system32;C:\\Windows;C:\\Windows\\System32\\Wbem;C:\\Windows\\System32\\WindowsPowerShell\\v1.0\\;C:\\Program Files\\WIDCOMM\\Bluetooth Software\\;C:\\Program Files\\Microsoft SQL Server\\90\\Tools\\binn\\;C:\\Program Files\\TortoiseSVN\\bin;C:\\Program Files\\TortoiseGit\\bin;'
    'SystemRoot' => 'C:\\Windows'
    'COMSPEC' => 'C:\\Windows\\system32\\cmd.exe'
    'PATHEXT' => '.COM;.EXE;.BAT;.CMD;.VBS;.VBE;.JS;.JSE;.WSF;.WSH;.MSC'
    'WINDIR' => 'C:\\Windows'
    'SERVER_SIGNATURE' => '<address>Apache/2.4.2 (Win32) OpenSSL/1.0.1c PHP/5.4.4 Server at localhost Port 80</address>
'
    'SERVER_SOFTWARE' => 'Apache/2.4.2 (Win32) OpenSSL/1.0.1c PHP/5.4.4'
    'SERVER_NAME' => 'localhost'
    'SERVER_ADDR' => '::1'
    'SERVER_PORT' => '80'
    'REMOTE_ADDR' => '::1'
    'DOCUMENT_ROOT' => 'C:/xampp/htdocs'
    'REQUEST_SCHEME' => 'http'
    'CONTEXT_PREFIX' => ''
    'CONTEXT_DOCUMENT_ROOT' => 'C:/xampp/htdocs'
    'SERVER_ADMIN' => 'postmaster@localhost'
    'SCRIPT_FILENAME' => 'C:/xampp/htdocs/advanced/backend/web/index.php'
    'REMOTE_PORT' => '59961'
    'GATEWAY_INTERFACE' => 'CGI/1.1'
    'SERVER_PROTOCOL' => 'HTTP/1.1'
    'REQUEST_METHOD' => 'GET'
    'QUERY_STRING' => 'r=accommodation'
    'REQUEST_URI' => '/advanced/backend/web/index.php?r=accommodation'
    'SCRIPT_NAME' => '/advanced/backend/web/index.php'
    'PHP_SELF' => '/advanced/backend/web/index.php'
    'REQUEST_TIME_FLOAT' => 1424786179.649
    'REQUEST_TIME' => 1424786179
]
2015-02-24 15:19:24 [::1][-][-][error][yii\base\ErrorException:4] exception 'yii\base\ErrorException' with message 'syntax error, unexpected 'Type' (T_STRING), expecting ']'' in C:\xampp\htdocs\advanced\backend\models\TravelArrangementSearch.php:79
Stack trace:
#0 [internal function]: yii\base\ErrorHandler->handleFatalError()
#1 {main}
2015-02-24 15:19:24 [::1][-][-][info][application] $_GET = [
    'r' => 'travelarrangement'
]

$_COOKIE = [
    'PHPSESSID' => 'mks3umq2kqko6bg3pbsj4jgl16'
    '_csrf' => '926948548c840f056bd0fb4f3b19f290c144fbe5cc3b5e9a6021fee1b379fd5cs:32:\"yrHPdfJQxAXP9rt5O9jZcYzdabkwkGYk\";'
]

$_SERVER = [
    'MIBDIRS' => 'C:/xampp/php/extras/mibs'
    'MYSQL_HOME' => '\\xampp\\mysql\\bin'
    'OPENSSL_CONF' => 'C:/xampp/apache/bin/openssl.cnf'
    'PHP_PEAR_SYSCONF_DIR' => '\\xampp\\php'
    'PHPRC' => '\\xampp\\php'
    'TMP' => '\\xampp\\tmp'
    'HTTP_HOST' => 'localhost'
    'HTTP_CONNECTION' => 'keep-alive'
    'HTTP_ACCEPT' => 'text/html,application/xhtml+xml,application/xml;q=0.9,image/webp,*/*;q=0.8'
    'HTTP_USER_AGENT' => 'Mozilla/5.0 (Windows NT 6.1) AppleWebKit/537.36 (KHTML, like Gecko) Chrome/40.0.2214.115 Safari/537.36'
    'HTTP_ACCEPT_ENCODING' => 'gzip, deflate'
    'HTTP_ACCEPT_LANGUAGE' => 'en-US,en;q=0.8'
    'HTTP_COOKIE' => 'PHPSESSID=mks3umq2kqko6bg3pbsj4jgl16; _csrf=926948548c840f056bd0fb4f3b19f290c144fbe5cc3b5e9a6021fee1b379fd5cs%3A32%3A%22yrHPdfJQxAXP9rt5O9jZcYzdabkwkGYk%22%3B'
    'PATH' => 'C:\\Windows\\system32;C:\\Windows;C:\\Windows\\System32\\Wbem;C:\\Windows\\System32\\WindowsPowerShell\\v1.0\\;C:\\Program Files\\WIDCOMM\\Bluetooth Software\\;C:\\Program Files\\Microsoft SQL Server\\90\\Tools\\binn\\;C:\\Program Files\\TortoiseSVN\\bin;C:\\Program Files\\TortoiseGit\\bin;'
    'SystemRoot' => 'C:\\Windows'
    'COMSPEC' => 'C:\\Windows\\system32\\cmd.exe'
    'PATHEXT' => '.COM;.EXE;.BAT;.CMD;.VBS;.VBE;.JS;.JSE;.WSF;.WSH;.MSC'
    'WINDIR' => 'C:\\Windows'
    'SERVER_SIGNATURE' => '<address>Apache/2.4.2 (Win32) OpenSSL/1.0.1c PHP/5.4.4 Server at localhost Port 80</address>
'
    'SERVER_SOFTWARE' => 'Apache/2.4.2 (Win32) OpenSSL/1.0.1c PHP/5.4.4'
    'SERVER_NAME' => 'localhost'
    'SERVER_ADDR' => '::1'
    'SERVER_PORT' => '80'
    'REMOTE_ADDR' => '::1'
    'DOCUMENT_ROOT' => 'C:/xampp/htdocs'
    'REQUEST_SCHEME' => 'http'
    'CONTEXT_PREFIX' => ''
    'CONTEXT_DOCUMENT_ROOT' => 'C:/xampp/htdocs'
    'SERVER_ADMIN' => 'postmaster@localhost'
    'SCRIPT_FILENAME' => 'C:/xampp/htdocs/advanced/backend/web/index.php'
    'REMOTE_PORT' => '60320'
    'GATEWAY_INTERFACE' => 'CGI/1.1'
    'SERVER_PROTOCOL' => 'HTTP/1.1'
    'REQUEST_METHOD' => 'GET'
    'QUERY_STRING' => 'r=travelarrangement'
    'REQUEST_URI' => '/advanced/backend/web/index.php?r=travelarrangement'
    'SCRIPT_NAME' => '/advanced/backend/web/index.php'
    'PHP_SELF' => '/advanced/backend/web/index.php'
    'REQUEST_TIME_FLOAT' => 1424787564.591
    'REQUEST_TIME' => 1424787564
]
2015-02-24 15:20:11 [::1][-][-][error][yii\web\HttpException:404] exception 'yii\base\InvalidRouteException' with message 'Unable to resolve the request "airlines".' in C:\xampp\htdocs\advanced\vendor\yiisoft\yii2\base\Module.php:461
Stack trace:
#0 C:\xampp\htdocs\advanced\vendor\yiisoft\yii2\web\Application.php(83): yii\base\Module->runAction('airlines', Array)
#1 C:\xampp\htdocs\advanced\vendor\yiisoft\yii2\base\Application.php(375): yii\web\Application->handleRequest(Object(yii\web\Request))
#2 C:\xampp\htdocs\advanced\backend\web\index.php(18): yii\base\Application->run()
#3 {main}

Next exception 'yii\web\NotFoundHttpException' with message 'Page not found.' in C:\xampp\htdocs\advanced\vendor\yiisoft\yii2\web\Application.php:95
Stack trace:
#0 C:\xampp\htdocs\advanced\vendor\yiisoft\yii2\base\Application.php(375): yii\web\Application->handleRequest(Object(yii\web\Request))
#1 C:\xampp\htdocs\advanced\backend\web\index.php(18): yii\base\Application->run()
#2 {main}
2015-02-24 15:20:11 [::1][-][-][info][application] $_GET = [
    'r' => 'airlines'
]

$_COOKIE = [
    'PHPSESSID' => 'mks3umq2kqko6bg3pbsj4jgl16'
    '_csrf' => '926948548c840f056bd0fb4f3b19f290c144fbe5cc3b5e9a6021fee1b379fd5cs:32:\"yrHPdfJQxAXP9rt5O9jZcYzdabkwkGYk\";'
]

$_SESSION = [
    '__flash' => []
    '__captcha/site/captcha' => 'ractvor'
    '__captcha/site/captchacount' => 1
    '__returnUrl' => '/advanced/backend/web/index.php'
]

$_SERVER = [
    'MIBDIRS' => 'C:/xampp/php/extras/mibs'
    'MYSQL_HOME' => '\\xampp\\mysql\\bin'
    'OPENSSL_CONF' => 'C:/xampp/apache/bin/openssl.cnf'
    'PHP_PEAR_SYSCONF_DIR' => '\\xampp\\php'
    'PHPRC' => '\\xampp\\php'
    'TMP' => '\\xampp\\tmp'
    'HTTP_HOST' => 'localhost'
    'HTTP_CONNECTION' => 'keep-alive'
    'HTTP_ACCEPT' => 'text/html,application/xhtml+xml,application/xml;q=0.9,image/webp,*/*;q=0.8'
    'HTTP_USER_AGENT' => 'Mozilla/5.0 (Windows NT 6.1) AppleWebKit/537.36 (KHTML, like Gecko) Chrome/40.0.2214.115 Safari/537.36'
    'HTTP_ACCEPT_ENCODING' => 'gzip, deflate'
    'HTTP_ACCEPT_LANGUAGE' => 'en-US,en;q=0.8'
    'HTTP_COOKIE' => 'PHPSESSID=mks3umq2kqko6bg3pbsj4jgl16; _csrf=926948548c840f056bd0fb4f3b19f290c144fbe5cc3b5e9a6021fee1b379fd5cs%3A32%3A%22yrHPdfJQxAXP9rt5O9jZcYzdabkwkGYk%22%3B'
    'PATH' => 'C:\\Windows\\system32;C:\\Windows;C:\\Windows\\System32\\Wbem;C:\\Windows\\System32\\WindowsPowerShell\\v1.0\\;C:\\Program Files\\WIDCOMM\\Bluetooth Software\\;C:\\Program Files\\Microsoft SQL Server\\90\\Tools\\binn\\;C:\\Program Files\\TortoiseSVN\\bin;C:\\Program Files\\TortoiseGit\\bin;'
    'SystemRoot' => 'C:\\Windows'
    'COMSPEC' => 'C:\\Windows\\system32\\cmd.exe'
    'PATHEXT' => '.COM;.EXE;.BAT;.CMD;.VBS;.VBE;.JS;.JSE;.WSF;.WSH;.MSC'
    'WINDIR' => 'C:\\Windows'
    'SERVER_SIGNATURE' => '<address>Apache/2.4.2 (Win32) OpenSSL/1.0.1c PHP/5.4.4 Server at localhost Port 80</address>
'
    'SERVER_SOFTWARE' => 'Apache/2.4.2 (Win32) OpenSSL/1.0.1c PHP/5.4.4'
    'SERVER_NAME' => 'localhost'
    'SERVER_ADDR' => '::1'
    'SERVER_PORT' => '80'
    'REMOTE_ADDR' => '::1'
    'DOCUMENT_ROOT' => 'C:/xampp/htdocs'
    'REQUEST_SCHEME' => 'http'
    'CONTEXT_PREFIX' => ''
    'CONTEXT_DOCUMENT_ROOT' => 'C:/xampp/htdocs'
    'SERVER_ADMIN' => 'postmaster@localhost'
    'SCRIPT_FILENAME' => 'C:/xampp/htdocs/advanced/backend/web/index.php'
    'REMOTE_PORT' => '60360'
    'GATEWAY_INTERFACE' => 'CGI/1.1'
    'SERVER_PROTOCOL' => 'HTTP/1.1'
    'REQUEST_METHOD' => 'GET'
    'QUERY_STRING' => 'r=airlines'
    'REQUEST_URI' => '/advanced/backend/web/index.php?r=airlines'
    'SCRIPT_NAME' => '/advanced/backend/web/index.php'
    'PHP_SELF' => '/advanced/backend/web/index.php'
    'REQUEST_TIME_FLOAT' => 1424787611.441
    'REQUEST_TIME' => 1424787611
]
2015-02-24 15:20:18 [::1][-][-][error][yii\base\InvalidParamException] exception 'yii\base\InvalidParamException' with message 'The view file does not exist: C:\xampp\htdocs\advanced\backend\views\airline\index.php' in C:\xampp\htdocs\advanced\vendor\yiisoft\yii2\base\View.php:226
Stack trace:
#0 C:\xampp\htdocs\advanced\vendor\yiisoft\yii2\base\View.php(149): yii\base\View->renderFile('C:\xampp\htdocs...', Array, Object(backend\controllers\AirlineController))
#1 C:\xampp\htdocs\advanced\vendor\yiisoft\yii2\base\Controller.php(367): yii\base\View->render('index', Array, Object(backend\controllers\AirlineController))
#2 C:\xampp\htdocs\advanced\backend\controllers\AirlineController.php(41): yii\base\Controller->render('index', Array)
#3 [internal function]: backend\controllers\AirlineController->actionIndex()
#4 C:\xampp\htdocs\advanced\vendor\yiisoft\yii2\base\InlineAction.php(55): call_user_func_array(Array, Array)
#5 C:\xampp\htdocs\advanced\vendor\yiisoft\yii2\base\Controller.php(151): yii\base\InlineAction->runWithParams(Array)
#6 C:\xampp\htdocs\advanced\vendor\yiisoft\yii2\base\Module.php(455): yii\base\Controller->runAction('', Array)
#7 C:\xampp\htdocs\advanced\vendor\yiisoft\yii2\web\Application.php(83): yii\base\Module->runAction('airline', Array)
#8 C:\xampp\htdocs\advanced\vendor\yiisoft\yii2\base\Application.php(375): yii\web\Application->handleRequest(Object(yii\web\Request))
#9 C:\xampp\htdocs\advanced\backend\web\index.php(18): yii\base\Application->run()
#10 {main}
2015-02-24 15:20:17 [::1][-][-][info][application] $_GET = [
    'r' => 'airline'
]

$_COOKIE = [
    'PHPSESSID' => 'mks3umq2kqko6bg3pbsj4jgl16'
    '_csrf' => '926948548c840f056bd0fb4f3b19f290c144fbe5cc3b5e9a6021fee1b379fd5cs:32:\"yrHPdfJQxAXP9rt5O9jZcYzdabkwkGYk\";'
]

$_SERVER = [
    'MIBDIRS' => 'C:/xampp/php/extras/mibs'
    'MYSQL_HOME' => '\\xampp\\mysql\\bin'
    'OPENSSL_CONF' => 'C:/xampp/apache/bin/openssl.cnf'
    'PHP_PEAR_SYSCONF_DIR' => '\\xampp\\php'
    'PHPRC' => '\\xampp\\php'
    'TMP' => '\\xampp\\tmp'
    'HTTP_HOST' => 'localhost'
    'HTTP_CONNECTION' => 'keep-alive'
    'HTTP_ACCEPT' => 'text/html,application/xhtml+xml,application/xml;q=0.9,image/webp,*/*;q=0.8'
    'HTTP_USER_AGENT' => 'Mozilla/5.0 (Windows NT 6.1) AppleWebKit/537.36 (KHTML, like Gecko) Chrome/40.0.2214.115 Safari/537.36'
    'HTTP_ACCEPT_ENCODING' => 'gzip, deflate'
    'HTTP_ACCEPT_LANGUAGE' => 'en-US,en;q=0.8'
    'HTTP_COOKIE' => 'PHPSESSID=mks3umq2kqko6bg3pbsj4jgl16; _csrf=926948548c840f056bd0fb4f3b19f290c144fbe5cc3b5e9a6021fee1b379fd5cs%3A32%3A%22yrHPdfJQxAXP9rt5O9jZcYzdabkwkGYk%22%3B'
    'PATH' => 'C:\\Windows\\system32;C:\\Windows;C:\\Windows\\System32\\Wbem;C:\\Windows\\System32\\WindowsPowerShell\\v1.0\\;C:\\Program Files\\WIDCOMM\\Bluetooth Software\\;C:\\Program Files\\Microsoft SQL Server\\90\\Tools\\binn\\;C:\\Program Files\\TortoiseSVN\\bin;C:\\Program Files\\TortoiseGit\\bin;'
    'SystemRoot' => 'C:\\Windows'
    'COMSPEC' => 'C:\\Windows\\system32\\cmd.exe'
    'PATHEXT' => '.COM;.EXE;.BAT;.CMD;.VBS;.VBE;.JS;.JSE;.WSF;.WSH;.MSC'
    'WINDIR' => 'C:\\Windows'
    'SERVER_SIGNATURE' => '<address>Apache/2.4.2 (Win32) OpenSSL/1.0.1c PHP/5.4.4 Server at localhost Port 80</address>
'
    'SERVER_SOFTWARE' => 'Apache/2.4.2 (Win32) OpenSSL/1.0.1c PHP/5.4.4'
    'SERVER_NAME' => 'localhost'
    'SERVER_ADDR' => '::1'
    'SERVER_PORT' => '80'
    'REMOTE_ADDR' => '::1'
    'DOCUMENT_ROOT' => 'C:/xampp/htdocs'
    'REQUEST_SCHEME' => 'http'
    'CONTEXT_PREFIX' => ''
    'CONTEXT_DOCUMENT_ROOT' => 'C:/xampp/htdocs'
    'SERVER_ADMIN' => 'postmaster@localhost'
    'SCRIPT_FILENAME' => 'C:/xampp/htdocs/advanced/backend/web/index.php'
    'REMOTE_PORT' => '60360'
    'GATEWAY_INTERFACE' => 'CGI/1.1'
    'SERVER_PROTOCOL' => 'HTTP/1.1'
    'REQUEST_METHOD' => 'GET'
    'QUERY_STRING' => 'r=airline'
    'REQUEST_URI' => '/advanced/backend/web/index.php?r=airline'
    'SCRIPT_NAME' => '/advanced/backend/web/index.php'
    'PHP_SELF' => '/advanced/backend/web/index.php'
    'REQUEST_TIME_FLOAT' => 1424787617.131
    'REQUEST_TIME' => 1424787617
]
2015-02-24 15:20:41 [::1][-][-][error][yii\web\HttpException:404] exception 'yii\base\InvalidRouteException' with message 'Unable to resolve the request "airlines".' in C:\xampp\htdocs\advanced\vendor\yiisoft\yii2\base\Module.php:461
Stack trace:
#0 C:\xampp\htdocs\advanced\vendor\yiisoft\yii2\web\Application.php(83): yii\base\Module->runAction('airlines', Array)
#1 C:\xampp\htdocs\advanced\vendor\yiisoft\yii2\base\Application.php(375): yii\web\Application->handleRequest(Object(yii\web\Request))
#2 C:\xampp\htdocs\advanced\backend\web\index.php(18): yii\base\Application->run()
#3 {main}

Next exception 'yii\web\NotFoundHttpException' with message 'Page not found.' in C:\xampp\htdocs\advanced\vendor\yiisoft\yii2\web\Application.php:95
Stack trace:
#0 C:\xampp\htdocs\advanced\vendor\yiisoft\yii2\base\Application.php(375): yii\web\Application->handleRequest(Object(yii\web\Request))
#1 C:\xampp\htdocs\advanced\backend\web\index.php(18): yii\base\Application->run()
#2 {main}
2015-02-24 15:20:41 [::1][-][-][info][application] $_GET = [
    'r' => 'airlines'
]

$_COOKIE = [
    'PHPSESSID' => 'mks3umq2kqko6bg3pbsj4jgl16'
    '_csrf' => '926948548c840f056bd0fb4f3b19f290c144fbe5cc3b5e9a6021fee1b379fd5cs:32:\"yrHPdfJQxAXP9rt5O9jZcYzdabkwkGYk\";'
]

$_SESSION = [
    '__flash' => []
    '__captcha/site/captcha' => 'ractvor'
    '__captcha/site/captchacount' => 1
    '__returnUrl' => '/advanced/backend/web/index.php'
]

$_SERVER = [
    'MIBDIRS' => 'C:/xampp/php/extras/mibs'
    'MYSQL_HOME' => '\\xampp\\mysql\\bin'
    'OPENSSL_CONF' => 'C:/xampp/apache/bin/openssl.cnf'
    'PHP_PEAR_SYSCONF_DIR' => '\\xampp\\php'
    'PHPRC' => '\\xampp\\php'
    'TMP' => '\\xampp\\tmp'
    'HTTP_HOST' => 'localhost'
    'HTTP_CONNECTION' => 'keep-alive'
    'HTTP_ACCEPT' => 'text/html,application/xhtml+xml,application/xml;q=0.9,image/webp,*/*;q=0.8'
    'HTTP_USER_AGENT' => 'Mozilla/5.0 (Windows NT 6.1) AppleWebKit/537.36 (KHTML, like Gecko) Chrome/40.0.2214.115 Safari/537.36'
    'HTTP_ACCEPT_ENCODING' => 'gzip, deflate'
    'HTTP_ACCEPT_LANGUAGE' => 'en-US,en;q=0.8'
    'HTTP_COOKIE' => 'PHPSESSID=mks3umq2kqko6bg3pbsj4jgl16; _csrf=926948548c840f056bd0fb4f3b19f290c144fbe5cc3b5e9a6021fee1b379fd5cs%3A32%3A%22yrHPdfJQxAXP9rt5O9jZcYzdabkwkGYk%22%3B'
    'PATH' => 'C:\\Windows\\system32;C:\\Windows;C:\\Windows\\System32\\Wbem;C:\\Windows\\System32\\WindowsPowerShell\\v1.0\\;C:\\Program Files\\WIDCOMM\\Bluetooth Software\\;C:\\Program Files\\Microsoft SQL Server\\90\\Tools\\binn\\;C:\\Program Files\\TortoiseSVN\\bin;C:\\Program Files\\TortoiseGit\\bin;'
    'SystemRoot' => 'C:\\Windows'
    'COMSPEC' => 'C:\\Windows\\system32\\cmd.exe'
    'PATHEXT' => '.COM;.EXE;.BAT;.CMD;.VBS;.VBE;.JS;.JSE;.WSF;.WSH;.MSC'
    'WINDIR' => 'C:\\Windows'
    'SERVER_SIGNATURE' => '<address>Apache/2.4.2 (Win32) OpenSSL/1.0.1c PHP/5.4.4 Server at localhost Port 80</address>
'
    'SERVER_SOFTWARE' => 'Apache/2.4.2 (Win32) OpenSSL/1.0.1c PHP/5.4.4'
    'SERVER_NAME' => 'localhost'
    'SERVER_ADDR' => '::1'
    'SERVER_PORT' => '80'
    'REMOTE_ADDR' => '::1'
    'DOCUMENT_ROOT' => 'C:/xampp/htdocs'
    'REQUEST_SCHEME' => 'http'
    'CONTEXT_PREFIX' => ''
    'CONTEXT_DOCUMENT_ROOT' => 'C:/xampp/htdocs'
    'SERVER_ADMIN' => 'postmaster@localhost'
    'SCRIPT_FILENAME' => 'C:/xampp/htdocs/advanced/backend/web/index.php'
    'REMOTE_PORT' => '60416'
    'GATEWAY_INTERFACE' => 'CGI/1.1'
    'SERVER_PROTOCOL' => 'HTTP/1.1'
    'REQUEST_METHOD' => 'GET'
    'QUERY_STRING' => 'r=airlines'
    'REQUEST_URI' => '/advanced/backend/web/index.php?r=airlines'
    'SCRIPT_NAME' => '/advanced/backend/web/index.php'
    'PHP_SELF' => '/advanced/backend/web/index.php'
    'REQUEST_TIME_FLOAT' => 1424787641.163
    'REQUEST_TIME' => 1424787641
]
2015-02-24 15:24:35 [::1][-][-][error][yii\base\ErrorException:4] exception 'yii\base\ErrorException' with message 'syntax error, unexpected 'Type' (T_STRING), expecting ']'' in C:\xampp\htdocs\advanced\backend\models\TravelArrangementSearch.php:79
Stack trace:
#0 [internal function]: yii\base\ErrorHandler->handleFatalError()
#1 {main}
2015-02-24 15:24:35 [::1][-][-][info][application] $_GET = [
    'r' => 'travelarrangement'
]

$_COOKIE = [
    'PHPSESSID' => 'mks3umq2kqko6bg3pbsj4jgl16'
    '_csrf' => '926948548c840f056bd0fb4f3b19f290c144fbe5cc3b5e9a6021fee1b379fd5cs:32:\"yrHPdfJQxAXP9rt5O9jZcYzdabkwkGYk\";'
]

$_SERVER = [
    'MIBDIRS' => 'C:/xampp/php/extras/mibs'
    'MYSQL_HOME' => '\\xampp\\mysql\\bin'
    'OPENSSL_CONF' => 'C:/xampp/apache/bin/openssl.cnf'
    'PHP_PEAR_SYSCONF_DIR' => '\\xampp\\php'
    'PHPRC' => '\\xampp\\php'
    'TMP' => '\\xampp\\tmp'
    'HTTP_HOST' => 'localhost'
    'HTTP_CONNECTION' => 'keep-alive'
    'HTTP_ACCEPT' => 'text/html,application/xhtml+xml,application/xml;q=0.9,image/webp,*/*;q=0.8'
    'HTTP_USER_AGENT' => 'Mozilla/5.0 (Windows NT 6.1) AppleWebKit/537.36 (KHTML, like Gecko) Chrome/40.0.2214.115 Safari/537.36'
    'HTTP_ACCEPT_ENCODING' => 'gzip, deflate'
    'HTTP_ACCEPT_LANGUAGE' => 'en-US,en;q=0.8'
    'HTTP_COOKIE' => 'PHPSESSID=mks3umq2kqko6bg3pbsj4jgl16; _csrf=926948548c840f056bd0fb4f3b19f290c144fbe5cc3b5e9a6021fee1b379fd5cs%3A32%3A%22yrHPdfJQxAXP9rt5O9jZcYzdabkwkGYk%22%3B'
    'PATH' => 'C:\\Windows\\system32;C:\\Windows;C:\\Windows\\System32\\Wbem;C:\\Windows\\System32\\WindowsPowerShell\\v1.0\\;C:\\Program Files\\WIDCOMM\\Bluetooth Software\\;C:\\Program Files\\Microsoft SQL Server\\90\\Tools\\binn\\;C:\\Program Files\\TortoiseSVN\\bin;C:\\Program Files\\TortoiseGit\\bin;'
    'SystemRoot' => 'C:\\Windows'
    'COMSPEC' => 'C:\\Windows\\system32\\cmd.exe'
    'PATHEXT' => '.COM;.EXE;.BAT;.CMD;.VBS;.VBE;.JS;.JSE;.WSF;.WSH;.MSC'
    'WINDIR' => 'C:\\Windows'
    'SERVER_SIGNATURE' => '<address>Apache/2.4.2 (Win32) OpenSSL/1.0.1c PHP/5.4.4 Server at localhost Port 80</address>
'
    'SERVER_SOFTWARE' => 'Apache/2.4.2 (Win32) OpenSSL/1.0.1c PHP/5.4.4'
    'SERVER_NAME' => 'localhost'
    'SERVER_ADDR' => '::1'
    'SERVER_PORT' => '80'
    'REMOTE_ADDR' => '::1'
    'DOCUMENT_ROOT' => 'C:/xampp/htdocs'
    'REQUEST_SCHEME' => 'http'
    'CONTEXT_PREFIX' => ''
    'CONTEXT_DOCUMENT_ROOT' => 'C:/xampp/htdocs'
    'SERVER_ADMIN' => 'postmaster@localhost'
    'SCRIPT_FILENAME' => 'C:/xampp/htdocs/advanced/backend/web/index.php'
    'REMOTE_PORT' => '60496'
    'GATEWAY_INTERFACE' => 'CGI/1.1'
    'SERVER_PROTOCOL' => 'HTTP/1.1'
    'REQUEST_METHOD' => 'GET'
    'QUERY_STRING' => 'r=travelarrangement'
    'REQUEST_URI' => '/advanced/backend/web/index.php?r=travelarrangement'
    'SCRIPT_NAME' => '/advanced/backend/web/index.php'
    'PHP_SELF' => '/advanced/backend/web/index.php'
    'REQUEST_TIME_FLOAT' => 1424787875.115
    'REQUEST_TIME' => 1424787875
]
2015-02-27 16:00:04 [::1][-][-][error][yii\db\Exception] exception 'PDOException' with message 'SQLSTATE[42S22]: Column not found: 1054 Unknown column 'status' in 'where clause'' in C:\xampp\htdocs\JMGTCC\vendor\yiisoft\yii2\db\Command.php:821
Stack trace:
#0 C:\xampp\htdocs\JMGTCC\vendor\yiisoft\yii2\db\Command.php(821): PDOStatement->execute()
#1 C:\xampp\htdocs\JMGTCC\vendor\yiisoft\yii2\db\Command.php(364): yii\db\Command->queryInternal('fetch', NULL)
#2 C:\xampp\htdocs\JMGTCC\vendor\yiisoft\yii2\db\Query.php(243): yii\db\Command->queryOne()
#3 C:\xampp\htdocs\JMGTCC\vendor\yiisoft\yii2\db\ActiveQuery.php(285): yii\db\Query->one(NULL)
#4 C:\xampp\htdocs\JMGTCC\vendor\yiisoft\yii2\db\ActiveRecord.php(191): yii\db\ActiveQuery->one()
#5 C:\xampp\htdocs\JMGTCC\vendor\yiisoft\yii2\db\BaseActiveRecord.php(101): yii\db\ActiveRecord::findByCondition(Array, true)
#6 C:\xampp\htdocs\JMGTCC\common\models\User.php(82): yii\db\BaseActiveRecord::findOne(Array)
#7 C:\xampp\htdocs\JMGTCC\common\models\LoginForm.php(73): common\models\User::findByUsername('admin')
#8 C:\xampp\htdocs\JMGTCC\common\models\LoginForm.php(44): common\models\LoginForm->getUser()
#9 [internal function]: common\models\LoginForm->validatePassword('password', NULL)
#10 C:\xampp\htdocs\JMGTCC\vendor\yiisoft\yii2\validators\InlineValidator.php(67): call_user_func(Array, 'password', NULL)
#11 C:\xampp\htdocs\JMGTCC\vendor\yiisoft\yii2\validators\Validator.php(238): yii\validators\InlineValidator->validateAttribute(Object(common\models\LoginForm), 'password')
#12 C:\xampp\htdocs\JMGTCC\vendor\yiisoft\yii2\base\Model.php(333): yii\validators\Validator->validateAttributes(Object(common\models\LoginForm), Array)
#13 C:\xampp\htdocs\JMGTCC\common\models\LoginForm.php(58): yii\base\Model->validate()
#14 C:\xampp\htdocs\JMGTCC\backend\controllers\SiteController.php(68): common\models\LoginForm->login()
#15 [internal function]: backend\controllers\SiteController->actionLogin()
#16 C:\xampp\htdocs\JMGTCC\vendor\yiisoft\yii2\base\InlineAction.php(55): call_user_func_array(Array, Array)
#17 C:\xampp\htdocs\JMGTCC\vendor\yiisoft\yii2\base\Controller.php(151): yii\base\InlineAction->runWithParams(Array)
#18 C:\xampp\htdocs\JMGTCC\vendor\yiisoft\yii2\base\Module.php(455): yii\base\Controller->runAction('login', Array)
#19 C:\xampp\htdocs\JMGTCC\vendor\yiisoft\yii2\web\Application.php(83): yii\base\Module->runAction('site/login', Array)
#20 C:\xampp\htdocs\JMGTCC\vendor\yiisoft\yii2\base\Application.php(375): yii\web\Application->handleRequest(Object(yii\web\Request))
#21 C:\xampp\htdocs\JMGTCC\backend\web\index.php(18): yii\base\Application->run()
#22 {main}

Next exception 'yii\db\Exception' with message 'SQLSTATE[42S22]: Column not found: 1054 Unknown column 'status' in 'where clause'
The SQL being executed was: SELECT * FROM `user` WHERE (`username`='admin') AND (`status`=10)' in C:\xampp\htdocs\JMGTCC\vendor\yiisoft\yii2\db\Schema.php:532
Stack trace:
#0 C:\xampp\htdocs\JMGTCC\vendor\yiisoft\yii2\db\Command.php(836): yii\db\Schema->convertException(Object(PDOException), 'SELECT * FROM `...')
#1 C:\xampp\htdocs\JMGTCC\vendor\yiisoft\yii2\db\Command.php(364): yii\db\Command->queryInternal('fetch', NULL)
#2 C:\xampp\htdocs\JMGTCC\vendor\yiisoft\yii2\db\Query.php(243): yii\db\Command->queryOne()
#3 C:\xampp\htdocs\JMGTCC\vendor\yiisoft\yii2\db\ActiveQuery.php(285): yii\db\Query->one(NULL)
#4 C:\xampp\htdocs\JMGTCC\vendor\yiisoft\yii2\db\ActiveRecord.php(191): yii\db\ActiveQuery->one()
#5 C:\xampp\htdocs\JMGTCC\vendor\yiisoft\yii2\db\BaseActiveRecord.php(101): yii\db\ActiveRecord::findByCondition(Array, true)
#6 C:\xampp\htdocs\JMGTCC\common\models\User.php(82): yii\db\BaseActiveRecord::findOne(Array)
#7 C:\xampp\htdocs\JMGTCC\common\models\LoginForm.php(73): common\models\User::findByUsername('admin')
#8 C:\xampp\htdocs\JMGTCC\common\models\LoginForm.php(44): common\models\LoginForm->getUser()
#9 [internal function]: common\models\LoginForm->validatePassword('password', NULL)
#10 C:\xampp\htdocs\JMGTCC\vendor\yiisoft\yii2\validators\InlineValidator.php(67): call_user_func(Array, 'password', NULL)
#11 C:\xampp\htdocs\JMGTCC\vendor\yiisoft\yii2\validators\Validator.php(238): yii\validators\InlineValidator->validateAttribute(Object(common\models\LoginForm), 'password')
#12 C:\xampp\htdocs\JMGTCC\vendor\yiisoft\yii2\base\Model.php(333): yii\validators\Validator->validateAttributes(Object(common\models\LoginForm), Array)
#13 C:\xampp\htdocs\JMGTCC\common\models\LoginForm.php(58): yii\base\Model->validate()
#14 C:\xampp\htdocs\JMGTCC\backend\controllers\SiteController.php(68): common\models\LoginForm->login()
#15 [internal function]: backend\controllers\SiteController->actionLogin()
#16 C:\xampp\htdocs\JMGTCC\vendor\yiisoft\yii2\base\InlineAction.php(55): call_user_func_array(Array, Array)
#17 C:\xampp\htdocs\JMGTCC\vendor\yiisoft\yii2\base\Controller.php(151): yii\base\InlineAction->runWithParams(Array)
#18 C:\xampp\htdocs\JMGTCC\vendor\yiisoft\yii2\base\Module.php(455): yii\base\Controller->runAction('login', Array)
#19 C:\xampp\htdocs\JMGTCC\vendor\yiisoft\yii2\web\Application.php(83): yii\base\Module->runAction('site/login', Array)
#20 C:\xampp\htdocs\JMGTCC\vendor\yiisoft\yii2\base\Application.php(375): yii\web\Application->handleRequest(Object(yii\web\Request))
#21 C:\xampp\htdocs\JMGTCC\backend\web\index.php(18): yii\base\Application->run()
#22 {main}
Additional Information:
Array
(
    [0] => 42S22
    [1] => 1054
    [2] => Unknown column 'status' in 'where clause'
)

2015-02-27 16:00:02 [::1][-][-][info][application] $_GET = [
    'r' => 'site/login'
]

$_POST = [
    '_csrf' => 'YWtxTnlSc0kbHiAaO2oCAiAfHwsaY0IZGyceEQEoRHxRBy4mSjUgKA=='
    'LoginForm' => [
        'username' => 'admin'
        'password' => 'admin'
        'rememberMe' => '1'
    ]
    'login-button' => ''
]

$_COOKIE = [
    'PHPSESSID' => '53t1534lk2kop92cl83cs0hjq1'
    '_csrf' => 'c5bc347367fa7ddb5cb9de1c706d18a112e5e3af5911ab603edea1901fab23afs:32:\"zuQTB8qKAtnEc11PzLo_xz750l_h3gSa\";'
]

$_SESSION = [
    '__flash' => []
    '__captcha/site/captcha' => 'ifpekxy'
    '__captcha/site/captchacount' => 1
    '__returnUrl' => '/jmgtcc/backend/web/index.php'
]

$_SERVER = [
    'MIBDIRS' => 'C:/xampp/php/extras/mibs'
    'MYSQL_HOME' => '\\xampp\\mysql\\bin'
    'OPENSSL_CONF' => 'C:/xampp/apache/bin/openssl.cnf'
    'PHP_PEAR_SYSCONF_DIR' => '\\xampp\\php'
    'PHPRC' => '\\xampp\\php'
    'TMP' => '\\xampp\\tmp'
    'HTTP_HOST' => 'localhost'
    'HTTP_CONNECTION' => 'keep-alive'
    'CONTENT_LENGTH' => '196'
    'HTTP_CACHE_CONTROL' => 'max-age=0'
    'HTTP_ACCEPT' => 'text/html,application/xhtml+xml,application/xml;q=0.9,image/webp,*/*;q=0.8'
    'HTTP_ORIGIN' => 'http://localhost'
    'HTTP_USER_AGENT' => 'Mozilla/5.0 (Windows NT 6.1; WOW64) AppleWebKit/537.36 (KHTML, like Gecko) Chrome/40.0.2214.115 Safari/537.36'
    'CONTENT_TYPE' => 'application/x-www-form-urlencoded'
    'HTTP_REFERER' => 'http://localhost/jmgtcc/backend/web/index.php?r=site%2Flogin'
    'HTTP_ACCEPT_ENCODING' => 'gzip, deflate'
    'HTTP_ACCEPT_LANGUAGE' => 'en-US,en;q=0.8'
    'HTTP_COOKIE' => 'PHPSESSID=53t1534lk2kop92cl83cs0hjq1; _csrf=c5bc347367fa7ddb5cb9de1c706d18a112e5e3af5911ab603edea1901fab23afs%3A32%3A%22zuQTB8qKAtnEc11PzLo_xz750l_h3gSa%22%3B'
    'PATH' => 'C:\\Program Files\\Common Files\\Microsoft Shared\\Windows Live;C:\\Program Files (x86)\\Common Files\\Microsoft Shared\\Windows Live;C:\\Program Files (x86)\\Java\\jre1.7.0\\bin;C:\\Windows\\system32;C:\\Windows;C:\\Windows\\System32\\Wbem;C:\\Windows\\System32\\WindowsPowerShell\\v1.0\\;C:\\Program Files\\Intel\\WiFi\\bin\\;C:\\Program Files\\Common Files\\Intel\\WirelessCommon\\;C:\\Program Files (x86)\\QuickTime\\QTSystem\\;C:\\Program Files\\TortoiseSVN\\bin;C:\\xampp\\php; ;C:\\Program Files\\Microsoft\\Web Platform Installer\\;C:\\Program Files (x86)\\Windows Live\\Shared;C:\\Program Files\\TortoiseGit\\bin;C:\\ProgramData\\ComposerSetup\\bin;C:\\Program Files\\Intel\\WiFi\\bin\\;C:\\Program Files\\Common Files\\Intel\\WirelessCommon\\;C:\\Program Files (x86)\\Java\\jre1.7.0\\bin; C:\\Program Files (x86)\\Java\\jre1.7.0\\bin'
    'SystemRoot' => 'C:\\Windows'
    'COMSPEC' => 'C:\\Windows\\system32\\cmd.exe'
    'PATHEXT' => '.COM;.EXE;.BAT;.CMD;.VBS;.VBE;.JS;.JSE;.WSF;.WSH;.MSC'
    'WINDIR' => 'C:\\Windows'
    'SERVER_SIGNATURE' => '<address>Apache/2.4.4 (Win32) OpenSSL/0.9.8y PHP/5.4.16 Server at localhost Port 80</address>
'
    'SERVER_SOFTWARE' => 'Apache/2.4.4 (Win32) OpenSSL/0.9.8y PHP/5.4.16'
    'SERVER_NAME' => 'localhost'
    'SERVER_ADDR' => '::1'
    'SERVER_PORT' => '80'
    'REMOTE_ADDR' => '::1'
    'DOCUMENT_ROOT' => 'C:/xampp/htdocs'
    'REQUEST_SCHEME' => 'http'
    'CONTEXT_PREFIX' => ''
    'CONTEXT_DOCUMENT_ROOT' => 'C:/xampp/htdocs'
    'SERVER_ADMIN' => 'postmaster@localhost'
    'SCRIPT_FILENAME' => 'C:/xampp/htdocs/JMGTCC/backend/web/index.php'
    'REMOTE_PORT' => '53186'
    'GATEWAY_INTERFACE' => 'CGI/1.1'
    'SERVER_PROTOCOL' => 'HTTP/1.1'
    'REQUEST_METHOD' => 'POST'
    'QUERY_STRING' => 'r=site%2Flogin'
    'REQUEST_URI' => '/jmgtcc/backend/web/index.php?r=site%2Flogin'
    'SCRIPT_NAME' => '/jmgtcc/backend/web/index.php'
    'PHP_SELF' => '/jmgtcc/backend/web/index.php'
    'REQUEST_TIME_FLOAT' => 1425049202.843
    'REQUEST_TIME' => 1425049202
]
2015-03-04 02:54:35 [::1][-][-][error][yii\web\HttpException:404] exception 'yii\base\InvalidRouteException' with message 'Unable to resolve the request "accomodation".' in C:\SOFTDEV\apc-softdev-it111-04\application\JMGTCC\vendor\yiisoft\yii2\base\Module.php:461
Stack trace:
#0 C:\SOFTDEV\apc-softdev-it111-04\application\JMGTCC\vendor\yiisoft\yii2\web\Application.php(83): yii\base\Module->runAction('accomodation', Array)
#1 C:\SOFTDEV\apc-softdev-it111-04\application\JMGTCC\vendor\yiisoft\yii2\base\Application.php(375): yii\web\Application->handleRequest(Object(yii\web\Request))
#2 C:\SOFTDEV\apc-softdev-it111-04\application\JMGTCC\backend\web\index.php(18): yii\base\Application->run()
#3 {main}

Next exception 'yii\web\NotFoundHttpException' with message 'Page not found.' in C:\SOFTDEV\apc-softdev-it111-04\application\JMGTCC\vendor\yiisoft\yii2\web\Application.php:95
Stack trace:
#0 C:\SOFTDEV\apc-softdev-it111-04\application\JMGTCC\vendor\yiisoft\yii2\base\Application.php(375): yii\web\Application->handleRequest(Object(yii\web\Request))
#1 C:\SOFTDEV\apc-softdev-it111-04\application\JMGTCC\backend\web\index.php(18): yii\base\Application->run()
#2 {main}
2015-03-04 02:54:35 [::1][-][-][info][application] $_GET = [
    'r' => 'accomodation'
]

$_COOKIE = [
    'PHPSESSID' => '0gkkrvnogb0rnk47g979ir9so5'
    '_csrf' => '4949bd76304838d300102e429de54430f879f2a9c6db4b4e3c9089a794ff117bs:32:\"Wc_kYBSSET37_kVOJ1wr0MQMafOlbJd5\";'
]

$_SESSION = [
    '__flash' => []
    '__returnUrl' => '/jmgtcc/backend/web/'
]

$_SERVER = [
    'MIBDIRS' => 'C:/xampp/php/extras/mibs'
    'MYSQL_HOME' => '\\xampp\\mysql\\bin'
    'OPENSSL_CONF' => 'C:/xampp/apache/bin/openssl.cnf'
    'PHP_PEAR_SYSCONF_DIR' => '\\xampp\\php'
    'PHPRC' => '\\xampp\\php'
    'TMP' => '\\xampp\\tmp'
    'HTTP_HOST' => 'localhost'
    'HTTP_CONNECTION' => 'keep-alive'
    'HTTP_ACCEPT' => 'text/html,application/xhtml+xml,application/xml;q=0.9,image/webp,*/*;q=0.8'
    'HTTP_USER_AGENT' => 'Mozilla/5.0 (Windows NT 6.1) AppleWebKit/537.36 (KHTML, like Gecko) Chrome/40.0.2214.115 Safari/537.36'
    'HTTP_ACCEPT_ENCODING' => 'gzip, deflate'
    'HTTP_ACCEPT_LANGUAGE' => 'en-US,en;q=0.8'
    'HTTP_COOKIE' => 'PHPSESSID=0gkkrvnogb0rnk47g979ir9so5; _csrf=4949bd76304838d300102e429de54430f879f2a9c6db4b4e3c9089a794ff117bs%3A32%3A%22Wc_kYBSSET37_kVOJ1wr0MQMafOlbJd5%22%3B'
    'PATH' => 'C:\\Windows\\system32;C:\\Windows;C:\\Windows\\System32\\Wbem;C:\\Windows\\System32\\WindowsPowerShell\\v1.0\\;C:\\Program Files\\WIDCOMM\\Bluetooth Software\\;C:\\Program Files\\Microsoft SQL Server\\90\\Tools\\binn\\;C:\\Program Files\\TortoiseSVN\\bin;C:\\Program Files\\TortoiseGit\\bin;C:\\xampp\\php;C:\\ProgramData\\ComposerSetup\\bin;'
    'SystemRoot' => 'C:\\Windows'
    'COMSPEC' => 'C:\\Windows\\system32\\cmd.exe'
    'PATHEXT' => '.COM;.EXE;.BAT;.CMD;.VBS;.VBE;.JS;.JSE;.WSF;.WSH;.MSC'
    'WINDIR' => 'C:\\Windows'
    'SERVER_SIGNATURE' => '<address>Apache/2.4.2 (Win32) OpenSSL/1.0.1c PHP/5.4.4 Server at localhost Port 80</address>
'
    'SERVER_SOFTWARE' => 'Apache/2.4.2 (Win32) OpenSSL/1.0.1c PHP/5.4.4'
    'SERVER_NAME' => 'localhost'
    'SERVER_ADDR' => '::1'
    'SERVER_PORT' => '80'
    'REMOTE_ADDR' => '::1'
    'DOCUMENT_ROOT' => 'C:/xampp/htdocs'
    'REQUEST_SCHEME' => 'http'
    'CONTEXT_PREFIX' => ''
    'CONTEXT_DOCUMENT_ROOT' => 'C:/xampp/htdocs'
    'SERVER_ADMIN' => 'postmaster@localhost'
    'SCRIPT_FILENAME' => 'C:/xampp/htdocs/JMGTCC/backend/web/index.php'
    'REMOTE_PORT' => '62236'
    'GATEWAY_INTERFACE' => 'CGI/1.1'
    'SERVER_PROTOCOL' => 'HTTP/1.1'
    'REQUEST_METHOD' => 'GET'
    'QUERY_STRING' => 'r=accomodation'
    'REQUEST_URI' => '/jmgtcc/backend/web/index.php?r=accomodation'
    'SCRIPT_NAME' => '/jmgtcc/backend/web/index.php'
    'PHP_SELF' => '/jmgtcc/backend/web/index.php'
    'REQUEST_TIME_FLOAT' => 1425434075.296
    'REQUEST_TIME' => 1425434075
]
2015-03-04 03:20:17 [::1][-][-][error][yii\web\HttpException:404] exception 'yii\base\InvalidRouteException' with message 'Unable to resolve the request "travelarrangment".' in C:\SOFTDEV\apc-softdev-it111-04\application\JMGTCC\vendor\yiisoft\yii2\base\Module.php:461
Stack trace:
#0 C:\SOFTDEV\apc-softdev-it111-04\application\JMGTCC\vendor\yiisoft\yii2\web\Application.php(83): yii\base\Module->runAction('travelarrangmen...', Array)
#1 C:\SOFTDEV\apc-softdev-it111-04\application\JMGTCC\vendor\yiisoft\yii2\base\Application.php(375): yii\web\Application->handleRequest(Object(yii\web\Request))
#2 C:\SOFTDEV\apc-softdev-it111-04\application\JMGTCC\backend\web\index.php(18): yii\base\Application->run()
#3 {main}

Next exception 'yii\web\NotFoundHttpException' with message 'Page not found.' in C:\SOFTDEV\apc-softdev-it111-04\application\JMGTCC\vendor\yiisoft\yii2\web\Application.php:95
Stack trace:
#0 C:\SOFTDEV\apc-softdev-it111-04\application\JMGTCC\vendor\yiisoft\yii2\base\Application.php(375): yii\web\Application->handleRequest(Object(yii\web\Request))
#1 C:\SOFTDEV\apc-softdev-it111-04\application\JMGTCC\backend\web\index.php(18): yii\base\Application->run()
#2 {main}
2015-03-04 03:20:17 [::1][-][-][info][application] $_GET = [
    'r' => 'travelarrangment'
]

$_COOKIE = [
    'PHPSESSID' => '0gkkrvnogb0rnk47g979ir9so5'
    '_csrf' => '4949bd76304838d300102e429de54430f879f2a9c6db4b4e3c9089a794ff117bs:32:\"Wc_kYBSSET37_kVOJ1wr0MQMafOlbJd5\";'
]

$_SESSION = [
    '__flash' => []
    '__returnUrl' => '/jmgtcc/backend/web/'
]

$_SERVER = [
    'MIBDIRS' => 'C:/xampp/php/extras/mibs'
    'MYSQL_HOME' => '\\xampp\\mysql\\bin'
    'OPENSSL_CONF' => 'C:/xampp/apache/bin/openssl.cnf'
    'PHP_PEAR_SYSCONF_DIR' => '\\xampp\\php'
    'PHPRC' => '\\xampp\\php'
    'TMP' => '\\xampp\\tmp'
    'HTTP_HOST' => 'localhost'
    'HTTP_CONNECTION' => 'keep-alive'
    'HTTP_ACCEPT' => 'text/html,application/xhtml+xml,application/xml;q=0.9,image/webp,*/*;q=0.8'
    'HTTP_USER_AGENT' => 'Mozilla/5.0 (Windows NT 6.1) AppleWebKit/537.36 (KHTML, like Gecko) Chrome/40.0.2214.115 Safari/537.36'
    'HTTP_ACCEPT_ENCODING' => 'gzip, deflate'
    'HTTP_ACCEPT_LANGUAGE' => 'en-US,en;q=0.8'
    'HTTP_COOKIE' => 'PHPSESSID=0gkkrvnogb0rnk47g979ir9so5; _csrf=4949bd76304838d300102e429de54430f879f2a9c6db4b4e3c9089a794ff117bs%3A32%3A%22Wc_kYBSSET37_kVOJ1wr0MQMafOlbJd5%22%3B'
    'PATH' => 'C:\\Windows\\system32;C:\\Windows;C:\\Windows\\System32\\Wbem;C:\\Windows\\System32\\WindowsPowerShell\\v1.0\\;C:\\Program Files\\WIDCOMM\\Bluetooth Software\\;C:\\Program Files\\Microsoft SQL Server\\90\\Tools\\binn\\;C:\\Program Files\\TortoiseSVN\\bin;C:\\Program Files\\TortoiseGit\\bin;C:\\xampp\\php;C:\\ProgramData\\ComposerSetup\\bin;'
    'SystemRoot' => 'C:\\Windows'
    'COMSPEC' => 'C:\\Windows\\system32\\cmd.exe'
    'PATHEXT' => '.COM;.EXE;.BAT;.CMD;.VBS;.VBE;.JS;.JSE;.WSF;.WSH;.MSC'
    'WINDIR' => 'C:\\Windows'
    'SERVER_SIGNATURE' => '<address>Apache/2.4.2 (Win32) OpenSSL/1.0.1c PHP/5.4.4 Server at localhost Port 80</address>
'
    'SERVER_SOFTWARE' => 'Apache/2.4.2 (Win32) OpenSSL/1.0.1c PHP/5.4.4'
    'SERVER_NAME' => 'localhost'
    'SERVER_ADDR' => '::1'
    'SERVER_PORT' => '80'
    'REMOTE_ADDR' => '::1'
    'DOCUMENT_ROOT' => 'C:/xampp/htdocs'
    'REQUEST_SCHEME' => 'http'
    'CONTEXT_PREFIX' => ''
    'CONTEXT_DOCUMENT_ROOT' => 'C:/xampp/htdocs'
    'SERVER_ADMIN' => 'postmaster@localhost'
    'SCRIPT_FILENAME' => 'C:/xampp/htdocs/JMGTCC/backend/web/index.php'
    'REMOTE_PORT' => '62371'
    'GATEWAY_INTERFACE' => 'CGI/1.1'
    'SERVER_PROTOCOL' => 'HTTP/1.1'
    'REQUEST_METHOD' => 'GET'
    'QUERY_STRING' => 'r=travelarrangment'
    'REQUEST_URI' => '/jmgtcc/backend/web/index.php?r=travelarrangment'
    'SCRIPT_NAME' => '/jmgtcc/backend/web/index.php'
    'PHP_SELF' => '/jmgtcc/backend/web/index.php'
    'REQUEST_TIME_FLOAT' => 1425435617.748
    'REQUEST_TIME' => 1425435617
]
2015-03-04 03:20:21 [::1][-][-][error][yii\base\ErrorException:4] exception 'yii\base\ErrorException' with message 'syntax error, unexpected 'Type' (T_STRING), expecting ']'' in C:\SOFTDEV\apc-softdev-it111-04\application\JMGTCC\backend\models\TravelArrangementSearch.php:79
Stack trace:
#0 [internal function]: yii\base\ErrorHandler->handleFatalError()
#1 {main}
2015-03-04 03:20:21 [::1][-][-][info][application] $_GET = [
    'r' => 'travelarrangement'
]

$_COOKIE = [
    'PHPSESSID' => '0gkkrvnogb0rnk47g979ir9so5'
    '_csrf' => '4949bd76304838d300102e429de54430f879f2a9c6db4b4e3c9089a794ff117bs:32:\"Wc_kYBSSET37_kVOJ1wr0MQMafOlbJd5\";'
]

$_SERVER = [
    'MIBDIRS' => 'C:/xampp/php/extras/mibs'
    'MYSQL_HOME' => '\\xampp\\mysql\\bin'
    'OPENSSL_CONF' => 'C:/xampp/apache/bin/openssl.cnf'
    'PHP_PEAR_SYSCONF_DIR' => '\\xampp\\php'
    'PHPRC' => '\\xampp\\php'
    'TMP' => '\\xampp\\tmp'
    'HTTP_HOST' => 'localhost'
    'HTTP_CONNECTION' => 'keep-alive'
    'HTTP_ACCEPT' => 'text/html,application/xhtml+xml,application/xml;q=0.9,image/webp,*/*;q=0.8'
    'HTTP_USER_AGENT' => 'Mozilla/5.0 (Windows NT 6.1) AppleWebKit/537.36 (KHTML, like Gecko) Chrome/40.0.2214.115 Safari/537.36'
    'HTTP_ACCEPT_ENCODING' => 'gzip, deflate'
    'HTTP_ACCEPT_LANGUAGE' => 'en-US,en;q=0.8'
    'HTTP_COOKIE' => 'PHPSESSID=0gkkrvnogb0rnk47g979ir9so5; _csrf=4949bd76304838d300102e429de54430f879f2a9c6db4b4e3c9089a794ff117bs%3A32%3A%22Wc_kYBSSET37_kVOJ1wr0MQMafOlbJd5%22%3B'
    'PATH' => 'C:\\Windows\\system32;C:\\Windows;C:\\Windows\\System32\\Wbem;C:\\Windows\\System32\\WindowsPowerShell\\v1.0\\;C:\\Program Files\\WIDCOMM\\Bluetooth Software\\;C:\\Program Files\\Microsoft SQL Server\\90\\Tools\\binn\\;C:\\Program Files\\TortoiseSVN\\bin;C:\\Program Files\\TortoiseGit\\bin;C:\\xampp\\php;C:\\ProgramData\\ComposerSetup\\bin;'
    'SystemRoot' => 'C:\\Windows'
    'COMSPEC' => 'C:\\Windows\\system32\\cmd.exe'
    'PATHEXT' => '.COM;.EXE;.BAT;.CMD;.VBS;.VBE;.JS;.JSE;.WSF;.WSH;.MSC'
    'WINDIR' => 'C:\\Windows'
    'SERVER_SIGNATURE' => '<address>Apache/2.4.2 (Win32) OpenSSL/1.0.1c PHP/5.4.4 Server at localhost Port 80</address>
'
    'SERVER_SOFTWARE' => 'Apache/2.4.2 (Win32) OpenSSL/1.0.1c PHP/5.4.4'
    'SERVER_NAME' => 'localhost'
    'SERVER_ADDR' => '::1'
    'SERVER_PORT' => '80'
    'REMOTE_ADDR' => '::1'
    'DOCUMENT_ROOT' => 'C:/xampp/htdocs'
    'REQUEST_SCHEME' => 'http'
    'CONTEXT_PREFIX' => ''
    'CONTEXT_DOCUMENT_ROOT' => 'C:/xampp/htdocs'
    'SERVER_ADMIN' => 'postmaster@localhost'
    'SCRIPT_FILENAME' => 'C:/xampp/htdocs/JMGTCC/backend/web/index.php'
    'REMOTE_PORT' => '62371'
    'GATEWAY_INTERFACE' => 'CGI/1.1'
    'SERVER_PROTOCOL' => 'HTTP/1.1'
    'REQUEST_METHOD' => 'GET'
    'QUERY_STRING' => 'r=travelarrangement'
    'REQUEST_URI' => '/jmgtcc/backend/web/index.php?r=travelarrangement'
    'SCRIPT_NAME' => '/jmgtcc/backend/web/index.php'
    'PHP_SELF' => '/jmgtcc/backend/web/index.php'
    'REQUEST_TIME_FLOAT' => 1425435621.266
    'REQUEST_TIME' => 1425435621
]
2015-03-04 08:14:43 [::1][-][-][error][yii\base\UnknownPropertyException] exception 'yii\base\UnknownPropertyException' with message 'Getting unknown property: backend\models\AccommodationSearch::AccommodationID' in C:\SOFTDEV\apc-softdev-it111-04\application\JMGTCC\vendor\yiisoft\yii2\base\Component.php:143
Stack trace:
#0 C:\SOFTDEV\apc-softdev-it111-04\application\JMGTCC\vendor\yiisoft\yii2\db\BaseActiveRecord.php(247): yii\base\Component->__get('AccommodationID')
#1 C:\SOFTDEV\apc-softdev-it111-04\application\JMGTCC\vendor\yiisoft\yii2\validators\Validator.php(235): yii\db\BaseActiveRecord->__get('AccommodationID')
#2 C:\SOFTDEV\apc-softdev-it111-04\application\JMGTCC\vendor\yiisoft\yii2\base\Model.php(333): yii\validators\Validator->validateAttributes(Object(backend\models\AccommodationSearch), Array)
#3 C:\SOFTDEV\apc-softdev-it111-04\application\JMGTCC\backend\models\AccommodationSearch.php(52): yii\base\Model->validate()
#4 C:\SOFTDEV\apc-softdev-it111-04\application\JMGTCC\backend\controllers\AccommodationController.php(36): backend\models\AccommodationSearch->search(Array)
#5 [internal function]: backend\controllers\AccommodationController->actionIndex()
#6 C:\SOFTDEV\apc-softdev-it111-04\application\JMGTCC\vendor\yiisoft\yii2\base\InlineAction.php(55): call_user_func_array(Array, Array)
#7 C:\SOFTDEV\apc-softdev-it111-04\application\JMGTCC\vendor\yiisoft\yii2\base\Controller.php(151): yii\base\InlineAction->runWithParams(Array)
#8 C:\SOFTDEV\apc-softdev-it111-04\application\JMGTCC\vendor\yiisoft\yii2\base\Module.php(455): yii\base\Controller->runAction('', Array)
#9 C:\SOFTDEV\apc-softdev-it111-04\application\JMGTCC\vendor\yiisoft\yii2\web\Application.php(83): yii\base\Module->runAction('accommodation', Array)
#10 C:\SOFTDEV\apc-softdev-it111-04\application\JMGTCC\vendor\yiisoft\yii2\base\Application.php(375): yii\web\Application->handleRequest(Object(yii\web\Request))
#11 C:\SOFTDEV\apc-softdev-it111-04\application\JMGTCC\backend\web\index.php(18): yii\base\Application->run()
#12 {main}
2015-03-04 08:14:41 [::1][-][-][info][application] $_GET = [
    'r' => 'accommodation'
]

$_COOKIE = [
    '_csrf' => '07f8c86f7bb60f7cdc831fa5028307f0ec5de2a862aa041882b926dbd87b7280s:32:\"PXXksNMgU8eJAtz7ICB7YJgjHOEw7672\";'
    'PHPSESSID' => 'kmdd5btj0ksaeppdrlicbng855'
]

$_SERVER = [
    'MIBDIRS' => 'C:/xampp/php/extras/mibs'
    'MYSQL_HOME' => '\\xampp\\mysql\\bin'
    'OPENSSL_CONF' => 'C:/xampp/apache/bin/openssl.cnf'
    'PHP_PEAR_SYSCONF_DIR' => '\\xampp\\php'
    'PHPRC' => '\\xampp\\php'
    'TMP' => '\\xampp\\tmp'
    'HTTP_HOST' => 'localhost'
    'HTTP_CONNECTION' => 'keep-alive'
    'HTTP_ACCEPT' => 'text/html,application/xhtml+xml,application/xml;q=0.9,image/webp,*/*;q=0.8'
    'HTTP_USER_AGENT' => 'Mozilla/5.0 (Windows NT 6.1) AppleWebKit/537.36 (KHTML, like Gecko) Chrome/40.0.2214.115 Safari/537.36'
    'HTTP_ACCEPT_ENCODING' => 'gzip, deflate'
    'HTTP_ACCEPT_LANGUAGE' => 'en-US,en;q=0.8'
    'HTTP_COOKIE' => '_csrf=07f8c86f7bb60f7cdc831fa5028307f0ec5de2a862aa041882b926dbd87b7280s%3A32%3A%22PXXksNMgU8eJAtz7ICB7YJgjHOEw7672%22%3B; PHPSESSID=kmdd5btj0ksaeppdrlicbng855'
    'PATH' => 'C:\\Windows\\system32;C:\\Windows;C:\\Windows\\System32\\Wbem;C:\\Windows\\System32\\WindowsPowerShell\\v1.0\\;C:\\Program Files\\WIDCOMM\\Bluetooth Software\\;C:\\Program Files\\Microsoft SQL Server\\90\\Tools\\binn\\;C:\\Program Files\\TortoiseSVN\\bin;C:\\Program Files\\TortoiseGit\\bin;C:\\xampp\\php;C:\\ProgramData\\ComposerSetup\\bin;'
    'SystemRoot' => 'C:\\Windows'
    'COMSPEC' => 'C:\\Windows\\system32\\cmd.exe'
    'PATHEXT' => '.COM;.EXE;.BAT;.CMD;.VBS;.VBE;.JS;.JSE;.WSF;.WSH;.MSC'
    'WINDIR' => 'C:\\Windows'
    'SERVER_SIGNATURE' => '<address>Apache/2.4.2 (Win32) OpenSSL/1.0.1c PHP/5.4.4 Server at localhost Port 80</address>
'
    'SERVER_SOFTWARE' => 'Apache/2.4.2 (Win32) OpenSSL/1.0.1c PHP/5.4.4'
    'SERVER_NAME' => 'localhost'
    'SERVER_ADDR' => '::1'
    'SERVER_PORT' => '80'
    'REMOTE_ADDR' => '::1'
    'DOCUMENT_ROOT' => 'C:/xampp/htdocs'
    'REQUEST_SCHEME' => 'http'
    'CONTEXT_PREFIX' => ''
    'CONTEXT_DOCUMENT_ROOT' => 'C:/xampp/htdocs'
    'SERVER_ADMIN' => 'postmaster@localhost'
    'SCRIPT_FILENAME' => 'C:/xampp/htdocs/JMGTCC/backend/web/index.php'
    'REMOTE_PORT' => '52262'
    'GATEWAY_INTERFACE' => 'CGI/1.1'
    'SERVER_PROTOCOL' => 'HTTP/1.1'
    'REQUEST_METHOD' => 'GET'
    'QUERY_STRING' => 'r=accommodation'
    'REQUEST_URI' => '/jmgtcc/backend/web/index.php?r=accommodation'
    'SCRIPT_NAME' => '/jmgtcc/backend/web/index.php'
    'PHP_SELF' => '/jmgtcc/backend/web/index.php'
    'REQUEST_TIME_FLOAT' => 1425453280.732
    'REQUEST_TIME' => 1425453280
]
2015-03-06 05:37:15 [::1][-][-][error][yii\web\HttpException:404] exception 'yii\base\InvalidRouteException' with message 'Unable to resolve the request "".' in C:\xampp\htdocs\jmgtcc\vendor\yiisoft\yii2\base\Module.php:461
Stack trace:
#0 C:\xampp\htdocs\jmgtcc\vendor\yiisoft\yii2\web\Application.php(83): yii\base\Module->runAction('', Array)
#1 C:\xampp\htdocs\jmgtcc\vendor\yiisoft\yii2\base\Application.php(375): yii\web\Application->handleRequest(Object(yii\web\Request))
#2 C:\xampp\htdocs\jmgtcc\backend\web\index.php(18): yii\base\Application->run()
#3 {main}

Next exception 'yii\web\NotFoundHttpException' with message 'Page not found.' in C:\xampp\htdocs\jmgtcc\vendor\yiisoft\yii2\web\Application.php:95
Stack trace:
#0 C:\xampp\htdocs\jmgtcc\vendor\yiisoft\yii2\base\Application.php(375): yii\web\Application->handleRequest(Object(yii\web\Request))
#1 C:\xampp\htdocs\jmgtcc\backend\web\index.php(18): yii\base\Application->run()
#2 {main}
2015-03-06 05:37:15 [::1][-][-][info][application] $_COOKIE = [
    'PHPSESSID' => 't5hdr9gqhhne4onu99oi16pr46'
    '_csrf' => '833ebec5f48761cf460006a8c381173920b66eabb1f2936a5024a23480067d8fs:32:\"ujrpMf66BtSUUOfhxDlVeuZU-ND-gSX6\";'
]

$_SERVER = [
    'MIBDIRS' => 'C:/xampp/php/extras/mibs'
    'MYSQL_HOME' => '\\xampp\\mysql\\bin'
    'OPENSSL_CONF' => 'C:/xampp/apache/bin/openssl.cnf'
    'PHP_PEAR_SYSCONF_DIR' => '\\xampp\\php'
    'PHPRC' => '\\xampp\\php'
    'TMP' => '\\xampp\\tmp'
    'HTTP_HOST' => 'localhost'
    'HTTP_CONNECTION' => 'keep-alive'
    'HTTP_ACCEPT' => 'text/html,application/xhtml+xml,application/xml;q=0.9,image/webp,*/*;q=0.8'
    'HTTP_USER_AGENT' => 'Mozilla/5.0 (Windows NT 6.1; WOW64) AppleWebKit/537.36 (KHTML, like Gecko) Chrome/40.0.2214.115 Safari/537.36'
    'HTTP_ACCEPT_ENCODING' => 'gzip, deflate, sdch'
    'HTTP_ACCEPT_LANGUAGE' => 'en-US,en;q=0.8'
    'HTTP_COOKIE' => 'PHPSESSID=t5hdr9gqhhne4onu99oi16pr46; _csrf=833ebec5f48761cf460006a8c381173920b66eabb1f2936a5024a23480067d8fs%3A32%3A%22ujrpMf66BtSUUOfhxDlVeuZU-ND-gSX6%22%3B'
    'PATH' => 'C:\\Program Files\\Common Files\\Microsoft Shared\\Windows Live;C:\\Program Files (x86)\\Common Files\\Microsoft Shared\\Windows Live;C:\\Program Files (x86)\\Java\\jre1.7.0\\bin;C:\\Windows\\system32;C:\\Windows;C:\\Windows\\System32\\Wbem;C:\\Windows\\System32\\WindowsPowerShell\\v1.0\\;C:\\Program Files\\Intel\\WiFi\\bin\\;C:\\Program Files\\Common Files\\Intel\\WirelessCommon\\;C:\\Program Files (x86)\\QuickTime\\QTSystem\\;C:\\Program Files\\TortoiseSVN\\bin;C:\\xampp\\php; ;C:\\Program Files\\Microsoft\\Web Platform Installer\\;C:\\Program Files (x86)\\Windows Live\\Shared;C:\\Program Files\\TortoiseGit\\bin;C:\\ProgramData\\ComposerSetup\\bin;C:\\Program Files\\Intel\\WiFi\\bin\\;C:\\Program Files\\Common Files\\Intel\\WirelessCommon\\;C:\\Program Files (x86)\\Java\\jre1.7.0\\bin; C:\\Program Files (x86)\\Java\\jre1.7.0\\bin'
    'SystemRoot' => 'C:\\Windows'
    'COMSPEC' => 'C:\\Windows\\system32\\cmd.exe'
    'PATHEXT' => '.COM;.EXE;.BAT;.CMD;.VBS;.VBE;.JS;.JSE;.WSF;.WSH;.MSC'
    'WINDIR' => 'C:\\Windows'
    'SERVER_SIGNATURE' => '<address>Apache/2.4.4 (Win32) OpenSSL/0.9.8y PHP/5.4.16 Server at localhost Port 80</address>
'
    'SERVER_SOFTWARE' => 'Apache/2.4.4 (Win32) OpenSSL/0.9.8y PHP/5.4.16'
    'SERVER_NAME' => 'localhost'
    'SERVER_ADDR' => '::1'
    'SERVER_PORT' => '80'
    'REMOTE_ADDR' => '::1'
    'DOCUMENT_ROOT' => 'C:/xampp/htdocs'
    'REQUEST_SCHEME' => 'http'
    'CONTEXT_PREFIX' => ''
    'CONTEXT_DOCUMENT_ROOT' => 'C:/xampp/htdocs'
    'SERVER_ADMIN' => 'postmaster@localhost'
    'SCRIPT_FILENAME' => 'C:/xampp/htdocs/jmgtcc/backend/web/index.php'
    'REMOTE_PORT' => '49515'
    'GATEWAY_INTERFACE' => 'CGI/1.1'
    'SERVER_PROTOCOL' => 'HTTP/1.1'
    'REQUEST_METHOD' => 'GET'
    'QUERY_STRING' => ''
    'REQUEST_URI' => '/jmgtcc/backend/web/index.php'
    'SCRIPT_NAME' => '/jmgtcc/backend/web/index.php'
    'PHP_SELF' => '/jmgtcc/backend/web/index.php'
    'REQUEST_TIME_FLOAT' => 1425616635.873
    'REQUEST_TIME' => 1425616635
]
2015-03-06 05:37:45 [::1][-][-][error][yii\web\HttpException:404] exception 'yii\base\InvalidRouteException' with message 'Unable to resolve the request "".' in C:\xampp\htdocs\jmgtcc\vendor\yiisoft\yii2\base\Module.php:461
Stack trace:
#0 C:\xampp\htdocs\jmgtcc\vendor\yiisoft\yii2\web\Application.php(83): yii\base\Module->runAction('', Array)
#1 C:\xampp\htdocs\jmgtcc\vendor\yiisoft\yii2\base\Application.php(375): yii\web\Application->handleRequest(Object(yii\web\Request))
#2 C:\xampp\htdocs\jmgtcc\backend\web\index.php(18): yii\base\Application->run()
#3 {main}

Next exception 'yii\web\NotFoundHttpException' with message 'Page not found.' in C:\xampp\htdocs\jmgtcc\vendor\yiisoft\yii2\web\Application.php:95
Stack trace:
#0 C:\xampp\htdocs\jmgtcc\vendor\yiisoft\yii2\base\Application.php(375): yii\web\Application->handleRequest(Object(yii\web\Request))
#1 C:\xampp\htdocs\jmgtcc\backend\web\index.php(18): yii\base\Application->run()
#2 {main}
2015-03-06 05:37:45 [::1][-][-][info][application] $_COOKIE = [
    'PHPSESSID' => 't5hdr9gqhhne4onu99oi16pr46'
    '_csrf' => '833ebec5f48761cf460006a8c381173920b66eabb1f2936a5024a23480067d8fs:32:\"ujrpMf66BtSUUOfhxDlVeuZU-ND-gSX6\";'
]

$_SERVER = [
    'MIBDIRS' => 'C:/xampp/php/extras/mibs'
    'MYSQL_HOME' => '\\xampp\\mysql\\bin'
    'OPENSSL_CONF' => 'C:/xampp/apache/bin/openssl.cnf'
    'PHP_PEAR_SYSCONF_DIR' => '\\xampp\\php'
    'PHPRC' => '\\xampp\\php'
    'TMP' => '\\xampp\\tmp'
    'HTTP_HOST' => 'localhost'
    'HTTP_CONNECTION' => 'keep-alive'
    'HTTP_ACCEPT' => 'text/html,application/xhtml+xml,application/xml;q=0.9,image/webp,*/*;q=0.8'
    'HTTP_USER_AGENT' => 'Mozilla/5.0 (Windows NT 6.1; WOW64) AppleWebKit/537.36 (KHTML, like Gecko) Chrome/40.0.2214.115 Safari/537.36'
    'HTTP_ACCEPT_ENCODING' => 'gzip, deflate, sdch'
    'HTTP_ACCEPT_LANGUAGE' => 'en-US,en;q=0.8'
    'HTTP_COOKIE' => 'PHPSESSID=t5hdr9gqhhne4onu99oi16pr46; _csrf=833ebec5f48761cf460006a8c381173920b66eabb1f2936a5024a23480067d8fs%3A32%3A%22ujrpMf66BtSUUOfhxDlVeuZU-ND-gSX6%22%3B'
    'PATH' => 'C:\\Program Files\\Common Files\\Microsoft Shared\\Windows Live;C:\\Program Files (x86)\\Common Files\\Microsoft Shared\\Windows Live;C:\\Program Files (x86)\\Java\\jre1.7.0\\bin;C:\\Windows\\system32;C:\\Windows;C:\\Windows\\System32\\Wbem;C:\\Windows\\System32\\WindowsPowerShell\\v1.0\\;C:\\Program Files\\Intel\\WiFi\\bin\\;C:\\Program Files\\Common Files\\Intel\\WirelessCommon\\;C:\\Program Files (x86)\\QuickTime\\QTSystem\\;C:\\Program Files\\TortoiseSVN\\bin;C:\\xampp\\php; ;C:\\Program Files\\Microsoft\\Web Platform Installer\\;C:\\Program Files (x86)\\Windows Live\\Shared;C:\\Program Files\\TortoiseGit\\bin;C:\\ProgramData\\ComposerSetup\\bin;C:\\Program Files\\Intel\\WiFi\\bin\\;C:\\Program Files\\Common Files\\Intel\\WirelessCommon\\;C:\\Program Files (x86)\\Java\\jre1.7.0\\bin; C:\\Program Files (x86)\\Java\\jre1.7.0\\bin'
    'SystemRoot' => 'C:\\Windows'
    'COMSPEC' => 'C:\\Windows\\system32\\cmd.exe'
    'PATHEXT' => '.COM;.EXE;.BAT;.CMD;.VBS;.VBE;.JS;.JSE;.WSF;.WSH;.MSC'
    'WINDIR' => 'C:\\Windows'
    'SERVER_SIGNATURE' => '<address>Apache/2.4.4 (Win32) OpenSSL/0.9.8y PHP/5.4.16 Server at localhost Port 80</address>
'
    'SERVER_SOFTWARE' => 'Apache/2.4.4 (Win32) OpenSSL/0.9.8y PHP/5.4.16'
    'SERVER_NAME' => 'localhost'
    'SERVER_ADDR' => '::1'
    'SERVER_PORT' => '80'
    'REMOTE_ADDR' => '::1'
    'DOCUMENT_ROOT' => 'C:/xampp/htdocs'
    'REQUEST_SCHEME' => 'http'
    'CONTEXT_PREFIX' => ''
    'CONTEXT_DOCUMENT_ROOT' => 'C:/xampp/htdocs'
    'SERVER_ADMIN' => 'postmaster@localhost'
    'SCRIPT_FILENAME' => 'C:/xampp/htdocs/jmgtcc/backend/web/index.php'
    'REMOTE_PORT' => '49530'
    'GATEWAY_INTERFACE' => 'CGI/1.1'
    'SERVER_PROTOCOL' => 'HTTP/1.1'
    'REQUEST_METHOD' => 'GET'
    'QUERY_STRING' => ''
    'REQUEST_URI' => '/jmgtcc/backend/web/index.php'
    'SCRIPT_NAME' => '/jmgtcc/backend/web/index.php'
    'PHP_SELF' => '/jmgtcc/backend/web/index.php'
    'REQUEST_TIME_FLOAT' => 1425616665.23
    'REQUEST_TIME' => 1425616665
]
2015-03-06 12:51:21 [::1][-][-][error][yii\web\HttpException:404] exception 'yii\base\InvalidRouteException' with message 'Unable to resolve the request "airline".' in C:\xampp\htdocs\jmgtcc\vendor\yiisoft\yii2\base\Module.php:461
Stack trace:
#0 C:\xampp\htdocs\jmgtcc\vendor\yiisoft\yii2\web\Application.php(83): yii\base\Module->runAction('airline', Array)
#1 C:\xampp\htdocs\jmgtcc\vendor\yiisoft\yii2\base\Application.php(375): yii\web\Application->handleRequest(Object(yii\web\Request))
#2 C:\xampp\htdocs\jmgtcc\backend\web\index.php(18): yii\base\Application->run()
#3 {main}

Next exception 'yii\web\NotFoundHttpException' with message 'Page not found.' in C:\xampp\htdocs\jmgtcc\vendor\yiisoft\yii2\web\Application.php:95
Stack trace:
#0 C:\xampp\htdocs\jmgtcc\vendor\yiisoft\yii2\base\Application.php(375): yii\web\Application->handleRequest(Object(yii\web\Request))
#1 C:\xampp\htdocs\jmgtcc\backend\web\index.php(18): yii\base\Application->run()
#2 {main}
2015-03-06 12:51:21 [::1][-][-][info][application] $_GET = [
    'r' => 'airline'
]

$_COOKIE = [
    '_identity' => '13d83b2d30b34b99477a75369111310c3466a55735f80223343d8c7bf57cd8das:46:\"[3,\"PaITdWRV5Reo7r88LK_igRnAbvzgFERN\",2592000]\";'
    '_csrf' => '50d48f9c506a02d9ba04fc9a87021d3e96d30f3bd7b72618efdb7e7f9653568cs:32:\"Bcqk8UR4Kd0Qs8a0H-qarJSNbdXrv8dw\";'
    'PHPSESSID' => 'gqmmcg9q7527ac1q2prbv7lpd6'
]

$_SESSION = [
    '__flash' => []
    '__returnUrl' => '/jmgtcc/frontend/web/index.php?r=site%2Flogout'
    '__id' => 5
]

$_SERVER = [
    'MIBDIRS' => 'C:/xampp/php/extras/mibs'
    'MYSQL_HOME' => '\\xampp\\mysql\\bin'
    'OPENSSL_CONF' => 'C:/xampp/apache/bin/openssl.cnf'
    'PHP_PEAR_SYSCONF_DIR' => '\\xampp\\php'
    'PHPRC' => '\\xampp\\php'
    'TMP' => '\\xampp\\tmp'
    'HTTP_HOST' => 'localhost'
    'HTTP_CONNECTION' => 'keep-alive'
    'HTTP_ACCEPT' => 'text/html,application/xhtml+xml,application/xml;q=0.9,image/webp,*/*;q=0.8'
    'HTTP_USER_AGENT' => 'Mozilla/5.0 (Windows NT 6.1; WOW64) AppleWebKit/537.36 (KHTML, like Gecko) Chrome/40.0.2214.115 Safari/537.36'
    'HTTP_ACCEPT_ENCODING' => 'gzip, deflate, sdch'
    'HTTP_ACCEPT_LANGUAGE' => 'en-US,en;q=0.8'
    'HTTP_COOKIE' => '_identity=13d83b2d30b34b99477a75369111310c3466a55735f80223343d8c7bf57cd8das%3A46%3A%22%5B3%2C%22PaITdWRV5Reo7r88LK_igRnAbvzgFERN%22%2C2592000%5D%22%3B; _csrf=50d48f9c506a02d9ba04fc9a87021d3e96d30f3bd7b72618efdb7e7f9653568cs%3A32%3A%22Bcqk8UR4Kd0Qs8a0H-qarJSNbdXrv8dw%22%3B; PHPSESSID=gqmmcg9q7527ac1q2prbv7lpd6'
    'PATH' => 'C:\\Program Files\\Common Files\\Microsoft Shared\\Windows Live;C:\\Program Files (x86)\\Common Files\\Microsoft Shared\\Windows Live;C:\\Program Files (x86)\\Java\\jre1.7.0\\bin;C:\\Windows\\system32;C:\\Windows;C:\\Windows\\System32\\Wbem;C:\\Windows\\System32\\WindowsPowerShell\\v1.0\\;C:\\Program Files\\Intel\\WiFi\\bin\\;C:\\Program Files\\Common Files\\Intel\\WirelessCommon\\;C:\\Program Files (x86)\\QuickTime\\QTSystem\\;C:\\Program Files\\TortoiseSVN\\bin;C:\\xampp\\php; ;C:\\Program Files\\Microsoft\\Web Platform Installer\\;C:\\Program Files (x86)\\Windows Live\\Shared;C:\\Program Files\\TortoiseGit\\bin;C:\\ProgramData\\ComposerSetup\\bin;C:\\Program Files\\Intel\\WiFi\\bin\\;C:\\Program Files\\Common Files\\Intel\\WirelessCommon\\;C:\\Program Files (x86)\\Java\\jre1.7.0\\bin; C:\\Program Files (x86)\\Java\\jre1.7.0\\bin'
    'SystemRoot' => 'C:\\Windows'
    'COMSPEC' => 'C:\\Windows\\system32\\cmd.exe'
    'PATHEXT' => '.COM;.EXE;.BAT;.CMD;.VBS;.VBE;.JS;.JSE;.WSF;.WSH;.MSC'
    'WINDIR' => 'C:\\Windows'
    'SERVER_SIGNATURE' => '<address>Apache/2.4.4 (Win32) OpenSSL/0.9.8y PHP/5.4.16 Server at localhost Port 80</address>
'
    'SERVER_SOFTWARE' => 'Apache/2.4.4 (Win32) OpenSSL/0.9.8y PHP/5.4.16'
    'SERVER_NAME' => 'localhost'
    'SERVER_ADDR' => '::1'
    'SERVER_PORT' => '80'
    'REMOTE_ADDR' => '::1'
    'DOCUMENT_ROOT' => 'C:/xampp/htdocs'
    'REQUEST_SCHEME' => 'http'
    'CONTEXT_PREFIX' => ''
    'CONTEXT_DOCUMENT_ROOT' => 'C:/xampp/htdocs'
    'SERVER_ADMIN' => 'postmaster@localhost'
    'SCRIPT_FILENAME' => 'C:/xampp/htdocs/jmgtcc/backend/web/index.php'
    'REMOTE_PORT' => '54810'
    'GATEWAY_INTERFACE' => 'CGI/1.1'
    'SERVER_PROTOCOL' => 'HTTP/1.1'
    'REQUEST_METHOD' => 'GET'
    'QUERY_STRING' => 'r=airline'
    'REQUEST_URI' => '/jmgtcc/backend/web/index.php?r=airline'
    'SCRIPT_NAME' => '/jmgtcc/backend/web/index.php'
    'PHP_SELF' => '/jmgtcc/backend/web/index.php'
    'REQUEST_TIME_FLOAT' => 1425642681.601
    'REQUEST_TIME' => 1425642681
]
2015-03-06 12:51:24 [::1][-][-][error][yii\web\HttpException:404] exception 'yii\base\InvalidRouteException' with message 'Unable to resolve the request "airlines".' in C:\xampp\htdocs\jmgtcc\vendor\yiisoft\yii2\base\Module.php:461
Stack trace:
#0 C:\xampp\htdocs\jmgtcc\vendor\yiisoft\yii2\web\Application.php(83): yii\base\Module->runAction('airlines', Array)
#1 C:\xampp\htdocs\jmgtcc\vendor\yiisoft\yii2\base\Application.php(375): yii\web\Application->handleRequest(Object(yii\web\Request))
#2 C:\xampp\htdocs\jmgtcc\backend\web\index.php(18): yii\base\Application->run()
#3 {main}

Next exception 'yii\web\NotFoundHttpException' with message 'Page not found.' in C:\xampp\htdocs\jmgtcc\vendor\yiisoft\yii2\web\Application.php:95
Stack trace:
#0 C:\xampp\htdocs\jmgtcc\vendor\yiisoft\yii2\base\Application.php(375): yii\web\Application->handleRequest(Object(yii\web\Request))
#1 C:\xampp\htdocs\jmgtcc\backend\web\index.php(18): yii\base\Application->run()
#2 {main}
2015-03-06 12:51:24 [::1][-][-][info][application] $_GET = [
    'r' => 'airlines'
]

$_COOKIE = [
    '_identity' => '13d83b2d30b34b99477a75369111310c3466a55735f80223343d8c7bf57cd8das:46:\"[3,\"PaITdWRV5Reo7r88LK_igRnAbvzgFERN\",2592000]\";'
    'PHPSESSID' => 'gqmmcg9q7527ac1q2prbv7lpd6'
    '_csrf' => '6ad918f9c4d45418b430831757a0bf34e50cb659073d6c1bc108f04c9155d320s:32:\"wJPoXG5dKzdAdprgNHb5yzUcEpI8xAM_\";'
]

$_SESSION = [
    '__flash' => []
    '__returnUrl' => '/jmgtcc/frontend/web/index.php?r=site%2Flogout'
    '__id' => 5
]

$_SERVER = [
    'MIBDIRS' => 'C:/xampp/php/extras/mibs'
    'MYSQL_HOME' => '\\xampp\\mysql\\bin'
    'OPENSSL_CONF' => 'C:/xampp/apache/bin/openssl.cnf'
    'PHP_PEAR_SYSCONF_DIR' => '\\xampp\\php'
    'PHPRC' => '\\xampp\\php'
    'TMP' => '\\xampp\\tmp'
    'HTTP_HOST' => 'localhost'
    'HTTP_CONNECTION' => 'keep-alive'
    'HTTP_ACCEPT' => 'text/html,application/xhtml+xml,application/xml;q=0.9,image/webp,*/*;q=0.8'
    'HTTP_USER_AGENT' => 'Mozilla/5.0 (Windows NT 6.1; WOW64) AppleWebKit/537.36 (KHTML, like Gecko) Chrome/40.0.2214.115 Safari/537.36'
    'HTTP_ACCEPT_ENCODING' => 'gzip, deflate, sdch'
    'HTTP_ACCEPT_LANGUAGE' => 'en-US,en;q=0.8'
    'HTTP_COOKIE' => '_identity=13d83b2d30b34b99477a75369111310c3466a55735f80223343d8c7bf57cd8das%3A46%3A%22%5B3%2C%22PaITdWRV5Reo7r88LK_igRnAbvzgFERN%22%2C2592000%5D%22%3B; PHPSESSID=gqmmcg9q7527ac1q2prbv7lpd6; _csrf=6ad918f9c4d45418b430831757a0bf34e50cb659073d6c1bc108f04c9155d320s%3A32%3A%22wJPoXG5dKzdAdprgNHb5yzUcEpI8xAM_%22%3B'
    'PATH' => 'C:\\Program Files\\Common Files\\Microsoft Shared\\Windows Live;C:\\Program Files (x86)\\Common Files\\Microsoft Shared\\Windows Live;C:\\Program Files (x86)\\Java\\jre1.7.0\\bin;C:\\Windows\\system32;C:\\Windows;C:\\Windows\\System32\\Wbem;C:\\Windows\\System32\\WindowsPowerShell\\v1.0\\;C:\\Program Files\\Intel\\WiFi\\bin\\;C:\\Program Files\\Common Files\\Intel\\WirelessCommon\\;C:\\Program Files (x86)\\QuickTime\\QTSystem\\;C:\\Program Files\\TortoiseSVN\\bin;C:\\xampp\\php; ;C:\\Program Files\\Microsoft\\Web Platform Installer\\;C:\\Program Files (x86)\\Windows Live\\Shared;C:\\Program Files\\TortoiseGit\\bin;C:\\ProgramData\\ComposerSetup\\bin;C:\\Program Files\\Intel\\WiFi\\bin\\;C:\\Program Files\\Common Files\\Intel\\WirelessCommon\\;C:\\Program Files (x86)\\Java\\jre1.7.0\\bin; C:\\Program Files (x86)\\Java\\jre1.7.0\\bin'
    'SystemRoot' => 'C:\\Windows'
    'COMSPEC' => 'C:\\Windows\\system32\\cmd.exe'
    'PATHEXT' => '.COM;.EXE;.BAT;.CMD;.VBS;.VBE;.JS;.JSE;.WSF;.WSH;.MSC'
    'WINDIR' => 'C:\\Windows'
    'SERVER_SIGNATURE' => '<address>Apache/2.4.4 (Win32) OpenSSL/0.9.8y PHP/5.4.16 Server at localhost Port 80</address>
'
    'SERVER_SOFTWARE' => 'Apache/2.4.4 (Win32) OpenSSL/0.9.8y PHP/5.4.16'
    'SERVER_NAME' => 'localhost'
    'SERVER_ADDR' => '::1'
    'SERVER_PORT' => '80'
    'REMOTE_ADDR' => '::1'
    'DOCUMENT_ROOT' => 'C:/xampp/htdocs'
    'REQUEST_SCHEME' => 'http'
    'CONTEXT_PREFIX' => ''
    'CONTEXT_DOCUMENT_ROOT' => 'C:/xampp/htdocs'
    'SERVER_ADMIN' => 'postmaster@localhost'
    'SCRIPT_FILENAME' => 'C:/xampp/htdocs/jmgtcc/backend/web/index.php'
    'REMOTE_PORT' => '54810'
    'GATEWAY_INTERFACE' => 'CGI/1.1'
    'SERVER_PROTOCOL' => 'HTTP/1.1'
    'REQUEST_METHOD' => 'GET'
    'QUERY_STRING' => 'r=airlines'
    'REQUEST_URI' => '/jmgtcc/backend/web/index.php?r=airlines'
    'SCRIPT_NAME' => '/jmgtcc/backend/web/index.php'
    'PHP_SELF' => '/jmgtcc/backend/web/index.php'
    'REQUEST_TIME_FLOAT' => 1425642684.395
    'REQUEST_TIME' => 1425642684
]
2015-03-06 12:51:47 [::1][-][-][error][yii\web\HttpException:404] exception 'yii\base\InvalidRouteException' with message 'Unable to resolve the request "airlines".' in C:\xampp\htdocs\jmgtcc\vendor\yiisoft\yii2\base\Module.php:461
Stack trace:
#0 C:\xampp\htdocs\jmgtcc\vendor\yiisoft\yii2\web\Application.php(83): yii\base\Module->runAction('airlines', Array)
#1 C:\xampp\htdocs\jmgtcc\vendor\yiisoft\yii2\base\Application.php(375): yii\web\Application->handleRequest(Object(yii\web\Request))
#2 C:\xampp\htdocs\jmgtcc\backend\web\index.php(18): yii\base\Application->run()
#3 {main}

Next exception 'yii\web\NotFoundHttpException' with message 'Page not found.' in C:\xampp\htdocs\jmgtcc\vendor\yiisoft\yii2\web\Application.php:95
Stack trace:
#0 C:\xampp\htdocs\jmgtcc\vendor\yiisoft\yii2\base\Application.php(375): yii\web\Application->handleRequest(Object(yii\web\Request))
#1 C:\xampp\htdocs\jmgtcc\backend\web\index.php(18): yii\base\Application->run()
#2 {main}
2015-03-06 12:51:47 [::1][-][-][info][application] $_GET = [
    'r' => 'airlines'
]

$_COOKIE = [
    '_identity' => '13d83b2d30b34b99477a75369111310c3466a55735f80223343d8c7bf57cd8das:46:\"[3,\"PaITdWRV5Reo7r88LK_igRnAbvzgFERN\",2592000]\";'
    'PHPSESSID' => 'gqmmcg9q7527ac1q2prbv7lpd6'
    '_csrf' => '6ad918f9c4d45418b430831757a0bf34e50cb659073d6c1bc108f04c9155d320s:32:\"wJPoXG5dKzdAdprgNHb5yzUcEpI8xAM_\";'
]

$_SESSION = [
    '__flash' => []
    '__returnUrl' => '/jmgtcc/frontend/web/index.php?r=site%2Flogout'
    '__id' => 5
]

$_SERVER = [
    'MIBDIRS' => 'C:/xampp/php/extras/mibs'
    'MYSQL_HOME' => '\\xampp\\mysql\\bin'
    'OPENSSL_CONF' => 'C:/xampp/apache/bin/openssl.cnf'
    'PHP_PEAR_SYSCONF_DIR' => '\\xampp\\php'
    'PHPRC' => '\\xampp\\php'
    'TMP' => '\\xampp\\tmp'
    'HTTP_HOST' => 'localhost'
    'HTTP_CONNECTION' => 'keep-alive'
    'HTTP_CACHE_CONTROL' => 'max-age=0'
    'HTTP_ACCEPT' => 'text/html,application/xhtml+xml,application/xml;q=0.9,image/webp,*/*;q=0.8'
    'HTTP_USER_AGENT' => 'Mozilla/5.0 (Windows NT 6.1; WOW64) AppleWebKit/537.36 (KHTML, like Gecko) Chrome/40.0.2214.115 Safari/537.36'
    'HTTP_ACCEPT_ENCODING' => 'gzip, deflate, sdch'
    'HTTP_ACCEPT_LANGUAGE' => 'en-US,en;q=0.8'
    'HTTP_COOKIE' => '_identity=13d83b2d30b34b99477a75369111310c3466a55735f80223343d8c7bf57cd8das%3A46%3A%22%5B3%2C%22PaITdWRV5Reo7r88LK_igRnAbvzgFERN%22%2C2592000%5D%22%3B; PHPSESSID=gqmmcg9q7527ac1q2prbv7lpd6; _csrf=6ad918f9c4d45418b430831757a0bf34e50cb659073d6c1bc108f04c9155d320s%3A32%3A%22wJPoXG5dKzdAdprgNHb5yzUcEpI8xAM_%22%3B'
    'PATH' => 'C:\\Program Files\\Common Files\\Microsoft Shared\\Windows Live;C:\\Program Files (x86)\\Common Files\\Microsoft Shared\\Windows Live;C:\\Program Files (x86)\\Java\\jre1.7.0\\bin;C:\\Windows\\system32;C:\\Windows;C:\\Windows\\System32\\Wbem;C:\\Windows\\System32\\WindowsPowerShell\\v1.0\\;C:\\Program Files\\Intel\\WiFi\\bin\\;C:\\Program Files\\Common Files\\Intel\\WirelessCommon\\;C:\\Program Files (x86)\\QuickTime\\QTSystem\\;C:\\Program Files\\TortoiseSVN\\bin;C:\\xampp\\php; ;C:\\Program Files\\Microsoft\\Web Platform Installer\\;C:\\Program Files (x86)\\Windows Live\\Shared;C:\\Program Files\\TortoiseGit\\bin;C:\\ProgramData\\ComposerSetup\\bin;C:\\Program Files\\Intel\\WiFi\\bin\\;C:\\Program Files\\Common Files\\Intel\\WirelessCommon\\;C:\\Program Files (x86)\\Java\\jre1.7.0\\bin; C:\\Program Files (x86)\\Java\\jre1.7.0\\bin'
    'SystemRoot' => 'C:\\Windows'
    'COMSPEC' => 'C:\\Windows\\system32\\cmd.exe'
    'PATHEXT' => '.COM;.EXE;.BAT;.CMD;.VBS;.VBE;.JS;.JSE;.WSF;.WSH;.MSC'
    'WINDIR' => 'C:\\Windows'
    'SERVER_SIGNATURE' => '<address>Apache/2.4.4 (Win32) OpenSSL/0.9.8y PHP/5.4.16 Server at localhost Port 80</address>
'
    'SERVER_SOFTWARE' => 'Apache/2.4.4 (Win32) OpenSSL/0.9.8y PHP/5.4.16'
    'SERVER_NAME' => 'localhost'
    'SERVER_ADDR' => '::1'
    'SERVER_PORT' => '80'
    'REMOTE_ADDR' => '::1'
    'DOCUMENT_ROOT' => 'C:/xampp/htdocs'
    'REQUEST_SCHEME' => 'http'
    'CONTEXT_PREFIX' => ''
    'CONTEXT_DOCUMENT_ROOT' => 'C:/xampp/htdocs'
    'SERVER_ADMIN' => 'postmaster@localhost'
    'SCRIPT_FILENAME' => 'C:/xampp/htdocs/jmgtcc/backend/web/index.php'
    'REMOTE_PORT' => '54821'
    'GATEWAY_INTERFACE' => 'CGI/1.1'
    'SERVER_PROTOCOL' => 'HTTP/1.1'
    'REQUEST_METHOD' => 'GET'
    'QUERY_STRING' => 'r=airlines'
    'REQUEST_URI' => '/jmgtcc/backend/web/index.php?r=airlines'
    'SCRIPT_NAME' => '/jmgtcc/backend/web/index.php'
    'PHP_SELF' => '/jmgtcc/backend/web/index.php'
    'REQUEST_TIME_FLOAT' => 1425642707.344
    'REQUEST_TIME' => 1425642707
]
2015-03-06 12:52:04 [::1][-][-][error][yii\web\HttpException:404] exception 'yii\base\InvalidRouteException' with message 'Unable to resolve the request "Airlines".' in C:\xampp\htdocs\jmgtcc\vendor\yiisoft\yii2\base\Module.php:461
Stack trace:
#0 C:\xampp\htdocs\jmgtcc\vendor\yiisoft\yii2\web\Application.php(83): yii\base\Module->runAction('Airlines', Array)
#1 C:\xampp\htdocs\jmgtcc\vendor\yiisoft\yii2\base\Application.php(375): yii\web\Application->handleRequest(Object(yii\web\Request))
#2 C:\xampp\htdocs\jmgtcc\backend\web\index.php(18): yii\base\Application->run()
#3 {main}

Next exception 'yii\web\NotFoundHttpException' with message 'Page not found.' in C:\xampp\htdocs\jmgtcc\vendor\yiisoft\yii2\web\Application.php:95
Stack trace:
#0 C:\xampp\htdocs\jmgtcc\vendor\yiisoft\yii2\base\Application.php(375): yii\web\Application->handleRequest(Object(yii\web\Request))
#1 C:\xampp\htdocs\jmgtcc\backend\web\index.php(18): yii\base\Application->run()
#2 {main}
2015-03-06 12:52:04 [::1][-][-][info][application] $_GET = [
    'r' => 'Airlines'
]

$_COOKIE = [
    '_identity' => '13d83b2d30b34b99477a75369111310c3466a55735f80223343d8c7bf57cd8das:46:\"[3,\"PaITdWRV5Reo7r88LK_igRnAbvzgFERN\",2592000]\";'
    'PHPSESSID' => 'gqmmcg9q7527ac1q2prbv7lpd6'
    '_csrf' => '6ad918f9c4d45418b430831757a0bf34e50cb659073d6c1bc108f04c9155d320s:32:\"wJPoXG5dKzdAdprgNHb5yzUcEpI8xAM_\";'
]

$_SESSION = [
    '__flash' => []
    '__returnUrl' => '/jmgtcc/frontend/web/index.php?r=site%2Flogout'
    '__id' => 5
]

$_SERVER = [
    'MIBDIRS' => 'C:/xampp/php/extras/mibs'
    'MYSQL_HOME' => '\\xampp\\mysql\\bin'
    'OPENSSL_CONF' => 'C:/xampp/apache/bin/openssl.cnf'
    'PHP_PEAR_SYSCONF_DIR' => '\\xampp\\php'
    'PHPRC' => '\\xampp\\php'
    'TMP' => '\\xampp\\tmp'
    'HTTP_HOST' => 'localhost'
    'HTTP_CONNECTION' => 'keep-alive'
    'HTTP_ACCEPT' => 'text/html,application/xhtml+xml,application/xml;q=0.9,image/webp,*/*;q=0.8'
    'HTTP_USER_AGENT' => 'Mozilla/5.0 (Windows NT 6.1; WOW64) AppleWebKit/537.36 (KHTML, like Gecko) Chrome/40.0.2214.115 Safari/537.36'
    'HTTP_ACCEPT_ENCODING' => 'gzip, deflate, sdch'
    'HTTP_ACCEPT_LANGUAGE' => 'en-US,en;q=0.8'
    'HTTP_COOKIE' => '_identity=13d83b2d30b34b99477a75369111310c3466a55735f80223343d8c7bf57cd8das%3A46%3A%22%5B3%2C%22PaITdWRV5Reo7r88LK_igRnAbvzgFERN%22%2C2592000%5D%22%3B; PHPSESSID=gqmmcg9q7527ac1q2prbv7lpd6; _csrf=6ad918f9c4d45418b430831757a0bf34e50cb659073d6c1bc108f04c9155d320s%3A32%3A%22wJPoXG5dKzdAdprgNHb5yzUcEpI8xAM_%22%3B'
    'PATH' => 'C:\\Program Files\\Common Files\\Microsoft Shared\\Windows Live;C:\\Program Files (x86)\\Common Files\\Microsoft Shared\\Windows Live;C:\\Program Files (x86)\\Java\\jre1.7.0\\bin;C:\\Windows\\system32;C:\\Windows;C:\\Windows\\System32\\Wbem;C:\\Windows\\System32\\WindowsPowerShell\\v1.0\\;C:\\Program Files\\Intel\\WiFi\\bin\\;C:\\Program Files\\Common Files\\Intel\\WirelessCommon\\;C:\\Program Files (x86)\\QuickTime\\QTSystem\\;C:\\Program Files\\TortoiseSVN\\bin;C:\\xampp\\php; ;C:\\Program Files\\Microsoft\\Web Platform Installer\\;C:\\Program Files (x86)\\Windows Live\\Shared;C:\\Program Files\\TortoiseGit\\bin;C:\\ProgramData\\ComposerSetup\\bin;C:\\Program Files\\Intel\\WiFi\\bin\\;C:\\Program Files\\Common Files\\Intel\\WirelessCommon\\;C:\\Program Files (x86)\\Java\\jre1.7.0\\bin; C:\\Program Files (x86)\\Java\\jre1.7.0\\bin'
    'SystemRoot' => 'C:\\Windows'
    'COMSPEC' => 'C:\\Windows\\system32\\cmd.exe'
    'PATHEXT' => '.COM;.EXE;.BAT;.CMD;.VBS;.VBE;.JS;.JSE;.WSF;.WSH;.MSC'
    'WINDIR' => 'C:\\Windows'
    'SERVER_SIGNATURE' => '<address>Apache/2.4.4 (Win32) OpenSSL/0.9.8y PHP/5.4.16 Server at localhost Port 80</address>
'
    'SERVER_SOFTWARE' => 'Apache/2.4.4 (Win32) OpenSSL/0.9.8y PHP/5.4.16'
    'SERVER_NAME' => 'localhost'
    'SERVER_ADDR' => '::1'
    'SERVER_PORT' => '80'
    'REMOTE_ADDR' => '::1'
    'DOCUMENT_ROOT' => 'C:/xampp/htdocs'
    'REQUEST_SCHEME' => 'http'
    'CONTEXT_PREFIX' => ''
    'CONTEXT_DOCUMENT_ROOT' => 'C:/xampp/htdocs'
    'SERVER_ADMIN' => 'postmaster@localhost'
    'SCRIPT_FILENAME' => 'C:/xampp/htdocs/jmgtcc/backend/web/index.php'
    'REMOTE_PORT' => '54823'
    'GATEWAY_INTERFACE' => 'CGI/1.1'
    'SERVER_PROTOCOL' => 'HTTP/1.1'
    'REQUEST_METHOD' => 'GET'
    'QUERY_STRING' => 'r=Airlines'
    'REQUEST_URI' => '/jmgtcc/backend/web/index.php?r=Airlines'
    'SCRIPT_NAME' => '/jmgtcc/backend/web/index.php'
    'PHP_SELF' => '/jmgtcc/backend/web/index.php'
    'REQUEST_TIME_FLOAT' => 1425642724.128
    'REQUEST_TIME' => 1425642724
]
2015-03-06 12:52:39 [::1][-][-][error][yii\web\HttpException:404] exception 'yii\base\InvalidRouteException' with message 'Unable to resolve the request "Airlines".' in C:\xampp\htdocs\jmgtcc\vendor\yiisoft\yii2\base\Module.php:461
Stack trace:
#0 C:\xampp\htdocs\jmgtcc\vendor\yiisoft\yii2\web\Application.php(83): yii\base\Module->runAction('Airlines', Array)
#1 C:\xampp\htdocs\jmgtcc\vendor\yiisoft\yii2\base\Application.php(375): yii\web\Application->handleRequest(Object(yii\web\Request))
#2 C:\xampp\htdocs\jmgtcc\backend\web\index.php(18): yii\base\Application->run()
#3 {main}

Next exception 'yii\web\NotFoundHttpException' with message 'Page not found.' in C:\xampp\htdocs\jmgtcc\vendor\yiisoft\yii2\web\Application.php:95
Stack trace:
#0 C:\xampp\htdocs\jmgtcc\vendor\yiisoft\yii2\base\Application.php(375): yii\web\Application->handleRequest(Object(yii\web\Request))
#1 C:\xampp\htdocs\jmgtcc\backend\web\index.php(18): yii\base\Application->run()
#2 {main}
2015-03-06 12:52:39 [::1][-][-][info][application] $_GET = [
    'r' => 'Airlines'
]

$_COOKIE = [
    '_identity' => '13d83b2d30b34b99477a75369111310c3466a55735f80223343d8c7bf57cd8das:46:\"[3,\"PaITdWRV5Reo7r88LK_igRnAbvzgFERN\",2592000]\";'
    'PHPSESSID' => 'gqmmcg9q7527ac1q2prbv7lpd6'
    '_csrf' => '6ad918f9c4d45418b430831757a0bf34e50cb659073d6c1bc108f04c9155d320s:32:\"wJPoXG5dKzdAdprgNHb5yzUcEpI8xAM_\";'
]

$_SESSION = [
    '__flash' => []
    '__returnUrl' => '/jmgtcc/frontend/web/index.php?r=site%2Flogout'
    '__id' => 5
]

$_SERVER = [
    'MIBDIRS' => 'C:/xampp/php/extras/mibs'
    'MYSQL_HOME' => '\\xampp\\mysql\\bin'
    'OPENSSL_CONF' => 'C:/xampp/apache/bin/openssl.cnf'
    'PHP_PEAR_SYSCONF_DIR' => '\\xampp\\php'
    'PHPRC' => '\\xampp\\php'
    'TMP' => '\\xampp\\tmp'
    'HTTP_HOST' => 'localhost'
    'HTTP_CONNECTION' => 'keep-alive'
    'HTTP_CACHE_CONTROL' => 'max-age=0'
    'HTTP_ACCEPT' => 'text/html,application/xhtml+xml,application/xml;q=0.9,image/webp,*/*;q=0.8'
    'HTTP_USER_AGENT' => 'Mozilla/5.0 (Windows NT 6.1; WOW64) AppleWebKit/537.36 (KHTML, like Gecko) Chrome/40.0.2214.115 Safari/537.36'
    'HTTP_ACCEPT_ENCODING' => 'gzip, deflate, sdch'
    'HTTP_ACCEPT_LANGUAGE' => 'en-US,en;q=0.8'
    'HTTP_COOKIE' => '_identity=13d83b2d30b34b99477a75369111310c3466a55735f80223343d8c7bf57cd8das%3A46%3A%22%5B3%2C%22PaITdWRV5Reo7r88LK_igRnAbvzgFERN%22%2C2592000%5D%22%3B; PHPSESSID=gqmmcg9q7527ac1q2prbv7lpd6; _csrf=6ad918f9c4d45418b430831757a0bf34e50cb659073d6c1bc108f04c9155d320s%3A32%3A%22wJPoXG5dKzdAdprgNHb5yzUcEpI8xAM_%22%3B'
    'PATH' => 'C:\\Program Files\\Common Files\\Microsoft Shared\\Windows Live;C:\\Program Files (x86)\\Common Files\\Microsoft Shared\\Windows Live;C:\\Program Files (x86)\\Java\\jre1.7.0\\bin;C:\\Windows\\system32;C:\\Windows;C:\\Windows\\System32\\Wbem;C:\\Windows\\System32\\WindowsPowerShell\\v1.0\\;C:\\Program Files\\Intel\\WiFi\\bin\\;C:\\Program Files\\Common Files\\Intel\\WirelessCommon\\;C:\\Program Files (x86)\\QuickTime\\QTSystem\\;C:\\Program Files\\TortoiseSVN\\bin;C:\\xampp\\php; ;C:\\Program Files\\Microsoft\\Web Platform Installer\\;C:\\Program Files (x86)\\Windows Live\\Shared;C:\\Program Files\\TortoiseGit\\bin;C:\\ProgramData\\ComposerSetup\\bin;C:\\Program Files\\Intel\\WiFi\\bin\\;C:\\Program Files\\Common Files\\Intel\\WirelessCommon\\;C:\\Program Files (x86)\\Java\\jre1.7.0\\bin; C:\\Program Files (x86)\\Java\\jre1.7.0\\bin'
    'SystemRoot' => 'C:\\Windows'
    'COMSPEC' => 'C:\\Windows\\system32\\cmd.exe'
    'PATHEXT' => '.COM;.EXE;.BAT;.CMD;.VBS;.VBE;.JS;.JSE;.WSF;.WSH;.MSC'
    'WINDIR' => 'C:\\Windows'
    'SERVER_SIGNATURE' => '<address>Apache/2.4.4 (Win32) OpenSSL/0.9.8y PHP/5.4.16 Server at localhost Port 80</address>
'
    'SERVER_SOFTWARE' => 'Apache/2.4.4 (Win32) OpenSSL/0.9.8y PHP/5.4.16'
    'SERVER_NAME' => 'localhost'
    'SERVER_ADDR' => '::1'
    'SERVER_PORT' => '80'
    'REMOTE_ADDR' => '::1'
    'DOCUMENT_ROOT' => 'C:/xampp/htdocs'
    'REQUEST_SCHEME' => 'http'
    'CONTEXT_PREFIX' => ''
    'CONTEXT_DOCUMENT_ROOT' => 'C:/xampp/htdocs'
    'SERVER_ADMIN' => 'postmaster@localhost'
    'SCRIPT_FILENAME' => 'C:/xampp/htdocs/jmgtcc/backend/web/index.php'
    'REMOTE_PORT' => '54832'
    'GATEWAY_INTERFACE' => 'CGI/1.1'
    'SERVER_PROTOCOL' => 'HTTP/1.1'
    'REQUEST_METHOD' => 'GET'
    'QUERY_STRING' => 'r=Airlines'
    'REQUEST_URI' => '/jmgtcc/backend/web/index.php?r=Airlines'
    'SCRIPT_NAME' => '/jmgtcc/backend/web/index.php'
    'PHP_SELF' => '/jmgtcc/backend/web/index.php'
    'REQUEST_TIME_FLOAT' => 1425642759.157
    'REQUEST_TIME' => 1425642759
]
2015-03-06 12:53:11 [::1][-][-][error][yii\web\HttpException:404] exception 'yii\base\InvalidRouteException' with message 'Unable to resolve the request "Airlines".' in C:\xampp\htdocs\jmgtcc\vendor\yiisoft\yii2\base\Module.php:461
Stack trace:
#0 C:\xampp\htdocs\jmgtcc\vendor\yiisoft\yii2\web\Application.php(83): yii\base\Module->runAction('Airlines', Array)
#1 C:\xampp\htdocs\jmgtcc\vendor\yiisoft\yii2\base\Application.php(375): yii\web\Application->handleRequest(Object(yii\web\Request))
#2 C:\xampp\htdocs\jmgtcc\backend\web\index.php(18): yii\base\Application->run()
#3 {main}

Next exception 'yii\web\NotFoundHttpException' with message 'Page not found.' in C:\xampp\htdocs\jmgtcc\vendor\yiisoft\yii2\web\Application.php:95
Stack trace:
#0 C:\xampp\htdocs\jmgtcc\vendor\yiisoft\yii2\base\Application.php(375): yii\web\Application->handleRequest(Object(yii\web\Request))
#1 C:\xampp\htdocs\jmgtcc\backend\web\index.php(18): yii\base\Application->run()
#2 {main}
2015-03-06 12:53:11 [::1][-][-][info][application] $_GET = [
    'r' => 'Airlines'
]

$_COOKIE = [
    '_identity' => '13d83b2d30b34b99477a75369111310c3466a55735f80223343d8c7bf57cd8das:46:\"[3,\"PaITdWRV5Reo7r88LK_igRnAbvzgFERN\",2592000]\";'
    'PHPSESSID' => 'gqmmcg9q7527ac1q2prbv7lpd6'
    '_csrf' => '6ad918f9c4d45418b430831757a0bf34e50cb659073d6c1bc108f04c9155d320s:32:\"wJPoXG5dKzdAdprgNHb5yzUcEpI8xAM_\";'
]

$_SESSION = [
    '__flash' => []
    '__returnUrl' => '/jmgtcc/frontend/web/index.php?r=site%2Flogout'
    '__id' => 5
]

$_SERVER = [
    'MIBDIRS' => 'C:/xampp/php/extras/mibs'
    'MYSQL_HOME' => '\\xampp\\mysql\\bin'
    'OPENSSL_CONF' => 'C:/xampp/apache/bin/openssl.cnf'
    'PHP_PEAR_SYSCONF_DIR' => '\\xampp\\php'
    'PHPRC' => '\\xampp\\php'
    'TMP' => '\\xampp\\tmp'
    'HTTP_HOST' => 'localhost'
    'HTTP_CONNECTION' => 'keep-alive'
    'HTTP_CACHE_CONTROL' => 'max-age=0'
    'HTTP_ACCEPT' => 'text/html,application/xhtml+xml,application/xml;q=0.9,image/webp,*/*;q=0.8'
    'HTTP_USER_AGENT' => 'Mozilla/5.0 (Windows NT 6.1; WOW64) AppleWebKit/537.36 (KHTML, like Gecko) Chrome/40.0.2214.115 Safari/537.36'
    'HTTP_ACCEPT_ENCODING' => 'gzip, deflate, sdch'
    'HTTP_ACCEPT_LANGUAGE' => 'en-US,en;q=0.8'
    'HTTP_COOKIE' => '_identity=13d83b2d30b34b99477a75369111310c3466a55735f80223343d8c7bf57cd8das%3A46%3A%22%5B3%2C%22PaITdWRV5Reo7r88LK_igRnAbvzgFERN%22%2C2592000%5D%22%3B; PHPSESSID=gqmmcg9q7527ac1q2prbv7lpd6; _csrf=6ad918f9c4d45418b430831757a0bf34e50cb659073d6c1bc108f04c9155d320s%3A32%3A%22wJPoXG5dKzdAdprgNHb5yzUcEpI8xAM_%22%3B'
    'PATH' => 'C:\\Program Files\\Common Files\\Microsoft Shared\\Windows Live;C:\\Program Files (x86)\\Common Files\\Microsoft Shared\\Windows Live;C:\\Program Files (x86)\\Java\\jre1.7.0\\bin;C:\\Windows\\system32;C:\\Windows;C:\\Windows\\System32\\Wbem;C:\\Windows\\System32\\WindowsPowerShell\\v1.0\\;C:\\Program Files\\Intel\\WiFi\\bin\\;C:\\Program Files\\Common Files\\Intel\\WirelessCommon\\;C:\\Program Files (x86)\\QuickTime\\QTSystem\\;C:\\Program Files\\TortoiseSVN\\bin;C:\\xampp\\php; ;C:\\Program Files\\Microsoft\\Web Platform Installer\\;C:\\Program Files (x86)\\Windows Live\\Shared;C:\\Program Files\\TortoiseGit\\bin;C:\\ProgramData\\ComposerSetup\\bin;C:\\Program Files\\Intel\\WiFi\\bin\\;C:\\Program Files\\Common Files\\Intel\\WirelessCommon\\;C:\\Program Files (x86)\\Java\\jre1.7.0\\bin; C:\\Program Files (x86)\\Java\\jre1.7.0\\bin'
    'SystemRoot' => 'C:\\Windows'
    'COMSPEC' => 'C:\\Windows\\system32\\cmd.exe'
    'PATHEXT' => '.COM;.EXE;.BAT;.CMD;.VBS;.VBE;.JS;.JSE;.WSF;.WSH;.MSC'
    'WINDIR' => 'C:\\Windows'
    'SERVER_SIGNATURE' => '<address>Apache/2.4.4 (Win32) OpenSSL/0.9.8y PHP/5.4.16 Server at localhost Port 80</address>
'
    'SERVER_SOFTWARE' => 'Apache/2.4.4 (Win32) OpenSSL/0.9.8y PHP/5.4.16'
    'SERVER_NAME' => 'localhost'
    'SERVER_ADDR' => '::1'
    'SERVER_PORT' => '80'
    'REMOTE_ADDR' => '::1'
    'DOCUMENT_ROOT' => 'C:/xampp/htdocs'
    'REQUEST_SCHEME' => 'http'
    'CONTEXT_PREFIX' => ''
    'CONTEXT_DOCUMENT_ROOT' => 'C:/xampp/htdocs'
    'SERVER_ADMIN' => 'postmaster@localhost'
    'SCRIPT_FILENAME' => 'C:/xampp/htdocs/jmgtcc/backend/web/index.php'
    'REMOTE_PORT' => '54840'
    'GATEWAY_INTERFACE' => 'CGI/1.1'
    'SERVER_PROTOCOL' => 'HTTP/1.1'
    'REQUEST_METHOD' => 'GET'
    'QUERY_STRING' => 'r=Airlines'
    'REQUEST_URI' => '/jmgtcc/backend/web/index.php?r=Airlines'
    'SCRIPT_NAME' => '/jmgtcc/backend/web/index.php'
    'PHP_SELF' => '/jmgtcc/backend/web/index.php'
    'REQUEST_TIME_FLOAT' => 1425642791.435
    'REQUEST_TIME' => 1425642791
]
2015-03-07 04:16:06 [::1][-][-][error][yii\web\HttpException:404] exception 'yii\base\InvalidRouteException' with message 'Unable to resolve the request "hotel".' in C:\xampp\htdocs\jmgtcc\vendor\yiisoft\yii2\base\Module.php:461
Stack trace:
#0 C:\xampp\htdocs\jmgtcc\vendor\yiisoft\yii2\web\Application.php(83): yii\base\Module->runAction('hotel', Array)
#1 C:\xampp\htdocs\jmgtcc\vendor\yiisoft\yii2\base\Application.php(375): yii\web\Application->handleRequest(Object(yii\web\Request))
#2 C:\xampp\htdocs\jmgtcc\backend\web\index.php(18): yii\base\Application->run()
#3 {main}

Next exception 'yii\web\NotFoundHttpException' with message 'Page not found.' in C:\xampp\htdocs\jmgtcc\vendor\yiisoft\yii2\web\Application.php:95
Stack trace:
#0 C:\xampp\htdocs\jmgtcc\vendor\yiisoft\yii2\base\Application.php(375): yii\web\Application->handleRequest(Object(yii\web\Request))
#1 C:\xampp\htdocs\jmgtcc\backend\web\index.php(18): yii\base\Application->run()
#2 {main}
2015-03-07 04:16:05 [::1][-][-][info][application] $_GET = [
    'r' => 'hotel'
]

$_COOKIE = [
    '_identity' => '13d83b2d30b34b99477a75369111310c3466a55735f80223343d8c7bf57cd8das:46:\"[3,\"PaITdWRV5Reo7r88LK_igRnAbvzgFERN\",2592000]\";'
    'PHPSESSID' => 'gqmmcg9q7527ac1q2prbv7lpd6'
    '_csrf' => 'c0b4f4d095b8469cfe00665ef849ef4b45214a25bb66638b09114d699ad1989fs:32:\"a_ULH0muU7hGfOcSc3ItFapeRdFo5dX-\";'
]

$_SESSION = [
    '__flash' => []
    '__returnUrl' => '/jmgtcc/frontend/web/index.php?r=site%2Flogout'
    '__id' => 5
]

$_SERVER = [
    'MIBDIRS' => 'C:/xampp/php/extras/mibs'
    'MYSQL_HOME' => '\\xampp\\mysql\\bin'
    'OPENSSL_CONF' => 'C:/xampp/apache/bin/openssl.cnf'
    'PHP_PEAR_SYSCONF_DIR' => '\\xampp\\php'
    'PHPRC' => '\\xampp\\php'
    'TMP' => '\\xampp\\tmp'
    'HTTP_HOST' => 'localhost'
    'HTTP_CONNECTION' => 'keep-alive'
    'HTTP_ACCEPT' => 'text/html,application/xhtml+xml,application/xml;q=0.9,image/webp,*/*;q=0.8'
    'HTTP_USER_AGENT' => 'Mozilla/5.0 (Windows NT 6.1; WOW64) AppleWebKit/537.36 (KHTML, like Gecko) Chrome/40.0.2214.115 Safari/537.36'
    'HTTP_ACCEPT_ENCODING' => 'gzip, deflate, sdch'
    'HTTP_ACCEPT_LANGUAGE' => 'en-US,en;q=0.8'
    'HTTP_COOKIE' => '_identity=13d83b2d30b34b99477a75369111310c3466a55735f80223343d8c7bf57cd8das%3A46%3A%22%5B3%2C%22PaITdWRV5Reo7r88LK_igRnAbvzgFERN%22%2C2592000%5D%22%3B; PHPSESSID=gqmmcg9q7527ac1q2prbv7lpd6; _csrf=c0b4f4d095b8469cfe00665ef849ef4b45214a25bb66638b09114d699ad1989fs%3A32%3A%22a_ULH0muU7hGfOcSc3ItFapeRdFo5dX-%22%3B'
    'PATH' => 'C:\\Program Files\\Common Files\\Microsoft Shared\\Windows Live;C:\\Program Files (x86)\\Common Files\\Microsoft Shared\\Windows Live;C:\\Program Files (x86)\\Java\\jre1.7.0\\bin;C:\\Windows\\system32;C:\\Windows;C:\\Windows\\System32\\Wbem;C:\\Windows\\System32\\WindowsPowerShell\\v1.0\\;C:\\Program Files\\Intel\\WiFi\\bin\\;C:\\Program Files\\Common Files\\Intel\\WirelessCommon\\;C:\\Program Files (x86)\\QuickTime\\QTSystem\\;C:\\Program Files\\TortoiseSVN\\bin;C:\\xampp\\php; ;C:\\Program Files\\Microsoft\\Web Platform Installer\\;C:\\Program Files (x86)\\Windows Live\\Shared;C:\\Program Files\\TortoiseGit\\bin;C:\\ProgramData\\ComposerSetup\\bin;C:\\Program Files\\Intel\\WiFi\\bin\\;C:\\Program Files\\Common Files\\Intel\\WirelessCommon\\;C:\\Program Files (x86)\\Java\\jre1.7.0\\bin; C:\\Program Files (x86)\\Java\\jre1.7.0\\bin'
    'SystemRoot' => 'C:\\Windows'
    'COMSPEC' => 'C:\\Windows\\system32\\cmd.exe'
    'PATHEXT' => '.COM;.EXE;.BAT;.CMD;.VBS;.VBE;.JS;.JSE;.WSF;.WSH;.MSC'
    'WINDIR' => 'C:\\Windows'
    'SERVER_SIGNATURE' => '<address>Apache/2.4.4 (Win32) OpenSSL/0.9.8y PHP/5.4.16 Server at localhost Port 80</address>
'
    'SERVER_SOFTWARE' => 'Apache/2.4.4 (Win32) OpenSSL/0.9.8y PHP/5.4.16'
    'SERVER_NAME' => 'localhost'
    'SERVER_ADDR' => '::1'
    'SERVER_PORT' => '80'
    'REMOTE_ADDR' => '::1'
    'DOCUMENT_ROOT' => 'C:/xampp/htdocs'
    'REQUEST_SCHEME' => 'http'
    'CONTEXT_PREFIX' => ''
    'CONTEXT_DOCUMENT_ROOT' => 'C:/xampp/htdocs'
    'SERVER_ADMIN' => 'postmaster@localhost'
    'SCRIPT_FILENAME' => 'C:/xampp/htdocs/jmgtcc/backend/web/index.php'
    'REMOTE_PORT' => '49669'
    'GATEWAY_INTERFACE' => 'CGI/1.1'
    'SERVER_PROTOCOL' => 'HTTP/1.1'
    'REQUEST_METHOD' => 'GET'
    'QUERY_STRING' => 'r=hotel'
    'REQUEST_URI' => '/jmgtcc/backend/web/index.php?r=hotel'
    'SCRIPT_NAME' => '/jmgtcc/backend/web/index.php'
    'PHP_SELF' => '/jmgtcc/backend/web/index.php'
    'REQUEST_TIME_FLOAT' => 1425698165.685
    'REQUEST_TIME' => 1425698165
]
2015-03-08 13:09:25 [::1][-][-][error][yii\web\HttpException:404] exception 'yii\base\InvalidRouteException' with message 'Unable to resolve the request "airlines".' in C:\xannethei\project\apc-softdev-it111-04\application\jmgtcc\vendor\yiisoft\yii2\base\Module.php:461
Stack trace:
#0 C:\xannethei\project\apc-softdev-it111-04\application\jmgtcc\vendor\yiisoft\yii2\web\Application.php(83): yii\base\Module->runAction('airlines', Array)
#1 C:\xannethei\project\apc-softdev-it111-04\application\jmgtcc\vendor\yiisoft\yii2\base\Application.php(375): yii\web\Application->handleRequest(Object(yii\web\Request))
#2 C:\xannethei\project\apc-softdev-it111-04\application\jmgtcc\backend\web\index.php(18): yii\base\Application->run()
#3 {main}

Next exception 'yii\web\NotFoundHttpException' with message 'Page not found.' in C:\xannethei\project\apc-softdev-it111-04\application\jmgtcc\vendor\yiisoft\yii2\web\Application.php:95
Stack trace:
#0 C:\xannethei\project\apc-softdev-it111-04\application\jmgtcc\vendor\yiisoft\yii2\base\Application.php(375): yii\web\Application->handleRequest(Object(yii\web\Request))
#1 C:\xannethei\project\apc-softdev-it111-04\application\jmgtcc\backend\web\index.php(18): yii\base\Application->run()
#2 {main}
2015-03-08 13:09:25 [::1][-][-][info][application] $_GET = [
    'r' => 'airlines'
]

$_COOKIE = [
    '__utma' => '111872281.1351461568.1385873499.1392988635.1394979370.5'
    'PHPSESSID' => 'hfbgmd78s4bno5ke529lfi2a30'
    '_csrf' => '8e29274b565567f045803c3b51f2d95a3345ecb9f21c4ed96909b4a6273dea4es:32:\"mwm3GWQspVD0M3VPZiqp8EVBhFuAoP-J\";'
]

$_SESSION = [
    '__flash' => []
    '__returnUrl' => '/jmgtcc/backend/web/index.php?r=site%2Findex'
]

$_SERVER = [
    'MIBDIRS' => 'C:/xampp/php/extras/mibs'
    'MYSQL_HOME' => '\\xampp\\mysql\\bin'
    'OPENSSL_CONF' => 'C:/xampp/apache/bin/openssl.cnf'
    'PHP_PEAR_SYSCONF_DIR' => '\\xampp\\php'
    'PHPRC' => '\\xampp\\php'
    'TMP' => '\\xampp\\tmp'
    'HTTP_HOST' => 'localhost'
    'HTTP_USER_AGENT' => 'Mozilla/5.0 (Windows NT 6.1; WOW64; rv:36.0) Gecko/20100101 Firefox/36.0'
    'HTTP_ACCEPT' => 'text/html,application/xhtml+xml,application/xml;q=0.9,*/*;q=0.8'
    'HTTP_ACCEPT_LANGUAGE' => 'en-US,en;q=0.5'
    'HTTP_ACCEPT_ENCODING' => 'gzip, deflate'
    'HTTP_COOKIE' => '__utma=111872281.1351461568.1385873499.1392988635.1394979370.5; PHPSESSID=hfbgmd78s4bno5ke529lfi2a30; _csrf=8e29274b565567f045803c3b51f2d95a3345ecb9f21c4ed96909b4a6273dea4es%3A32%3A%22mwm3GWQspVD0M3VPZiqp8EVBhFuAoP-J%22%3B'
    'HTTP_CONNECTION' => 'keep-alive'
    'PATH' => 'C:\\windows\\system32;C:\\windows;C:\\windows\\system32\\wbem;C:\\windows\\system32\\windowspowershell\\v1.0\\;c:\\program files\\lenovo\\bluetooth software\\;c:\\program files\\lenovo\\bluetooth software\\syswow64;c:\\program files (x86)\\microsoft sql server\\90\\tools\\binn\\;c:\\program files\\java\\jdk1.6.0_27\\bin\\;c:\\program files (x86)\\microsoft sql server\\100\\tools\\binn\\;c:\\program files\\microsoft sql server\\100\\tools\\binn\\;c:\\program files\\microsoft sql server\\100\\dts\\binn\\;c:\\xampp\\htdocs\\yii\\framework;c:\\program files (x86);C:\\PROGRA~2\\IBM\\SQLLIB\\BIN;C:\\PROGRA~2\\IBM\\SQLLIB\\FUNCTION;C:\\PROGRA~2\\IBM\\SQLLIB\\SAMPLES\\REPL;C:\\Program Files\\TortoiseGit\\bin;C:\\xampp\\php;C:\\ProgramData\\ComposerSetup\\bin;'
    'SystemRoot' => 'C:\\windows'
    'COMSPEC' => 'C:\\windows\\system32\\cmd.exe'
    'PATHEXT' => '.COM;.EXE;.BAT;.CMD;.VBS;.VBE;.JS;.JSE;.WSF;.WSH;.MSC'
    'WINDIR' => 'C:\\windows'
    'SERVER_SIGNATURE' => '<address>Apache/2.4.4 (Win32) OpenSSL/1.0.1e PHP/5.5.1 Server at localhost Port 80</address>
'
    'SERVER_SOFTWARE' => 'Apache/2.4.4 (Win32) OpenSSL/1.0.1e PHP/5.5.1'
    'SERVER_NAME' => 'localhost'
    'SERVER_ADDR' => '::1'
    'SERVER_PORT' => '80'
    'REMOTE_ADDR' => '::1'
    'DOCUMENT_ROOT' => 'C:/xampp/htdocs'
    'REQUEST_SCHEME' => 'http'
    'CONTEXT_PREFIX' => ''
    'CONTEXT_DOCUMENT_ROOT' => 'C:/xampp/htdocs'
    'SERVER_ADMIN' => 'postmaster@localhost'
    'SCRIPT_FILENAME' => 'C:/xampp/htdocs/jmgtcc/backend/web/index.php'
    'REMOTE_PORT' => '53000'
    'GATEWAY_INTERFACE' => 'CGI/1.1'
    'SERVER_PROTOCOL' => 'HTTP/1.1'
    'REQUEST_METHOD' => 'GET'
    'QUERY_STRING' => 'r=airlines'
    'REQUEST_URI' => '/jmgtcc/backend/web/index.php?r=airlines'
    'SCRIPT_NAME' => '/jmgtcc/backend/web/index.php'
    'PHP_SELF' => '/jmgtcc/backend/web/index.php'
    'REQUEST_TIME_FLOAT' => 1425816565.616
    'REQUEST_TIME' => 1425816565
]
2015-03-08 13:18:28 [::1][-][-][error][yii\base\InvalidParamException] exception 'yii\base\InvalidParamException' with message 'The view file does not exist: C:\xannethei\project\apc-softdev-it111-04\application\jmgtcc\backend\views\contactnumber\index.php' in C:\xannethei\project\apc-softdev-it111-04\application\jmgtcc\vendor\yiisoft\yii2\base\View.php:226
Stack trace:
#0 C:\xannethei\project\apc-softdev-it111-04\application\jmgtcc\vendor\yiisoft\yii2\base\View.php(149): yii\base\View->renderFile('C:\xannethei\pr...', Array, Object(backend\controllers\ContactNumberController))
#1 C:\xannethei\project\apc-softdev-it111-04\application\jmgtcc\vendor\yiisoft\yii2\base\Controller.php(367): yii\base\View->render('index', Array, Object(backend\controllers\ContactNumberController))
#2 C:\xannethei\project\apc-softdev-it111-04\application\jmgtcc\backend\controllers\ContactNumberController.php(41): yii\base\Controller->render('index', Array)
#3 [internal function]: backend\controllers\ContactNumberController->actionIndex()
#4 C:\xannethei\project\apc-softdev-it111-04\application\jmgtcc\vendor\yiisoft\yii2\base\InlineAction.php(55): call_user_func_array(Array, Array)
#5 C:\xannethei\project\apc-softdev-it111-04\application\jmgtcc\vendor\yiisoft\yii2\base\Controller.php(151): yii\base\InlineAction->runWithParams(Array)
#6 C:\xannethei\project\apc-softdev-it111-04\application\jmgtcc\vendor\yiisoft\yii2\base\Module.php(455): yii\base\Controller->runAction('', Array)
#7 C:\xannethei\project\apc-softdev-it111-04\application\jmgtcc\vendor\yiisoft\yii2\web\Application.php(83): yii\base\Module->runAction('contactnumber', Array)
#8 C:\xannethei\project\apc-softdev-it111-04\application\jmgtcc\vendor\yiisoft\yii2\base\Application.php(375): yii\web\Application->handleRequest(Object(yii\web\Request))
#9 C:\xannethei\project\apc-softdev-it111-04\application\jmgtcc\backend\web\index.php(18): yii\base\Application->run()
#10 {main}
2015-03-08 13:18:28 [::1][-][-][info][application] $_GET = [
    'r' => 'contactnumber'
]

$_COOKIE = [
    '__utma' => '111872281.1351461568.1385873499.1392988635.1394979370.5'
    'PHPSESSID' => 'hfbgmd78s4bno5ke529lfi2a30'
    '_csrf' => '8e29274b565567f045803c3b51f2d95a3345ecb9f21c4ed96909b4a6273dea4es:32:\"mwm3GWQspVD0M3VPZiqp8EVBhFuAoP-J\";'
]

$_SERVER = [
    'MIBDIRS' => 'C:/xampp/php/extras/mibs'
    'MYSQL_HOME' => '\\xampp\\mysql\\bin'
    'OPENSSL_CONF' => 'C:/xampp/apache/bin/openssl.cnf'
    'PHP_PEAR_SYSCONF_DIR' => '\\xampp\\php'
    'PHPRC' => '\\xampp\\php'
    'TMP' => '\\xampp\\tmp'
    'HTTP_HOST' => 'localhost'
    'HTTP_USER_AGENT' => 'Mozilla/5.0 (Windows NT 6.1; WOW64; rv:36.0) Gecko/20100101 Firefox/36.0'
    'HTTP_ACCEPT' => 'text/html,application/xhtml+xml,application/xml;q=0.9,*/*;q=0.8'
    'HTTP_ACCEPT_LANGUAGE' => 'en-US,en;q=0.5'
    'HTTP_ACCEPT_ENCODING' => 'gzip, deflate'
    'HTTP_COOKIE' => '__utma=111872281.1351461568.1385873499.1392988635.1394979370.5; PHPSESSID=hfbgmd78s4bno5ke529lfi2a30; _csrf=8e29274b565567f045803c3b51f2d95a3345ecb9f21c4ed96909b4a6273dea4es%3A32%3A%22mwm3GWQspVD0M3VPZiqp8EVBhFuAoP-J%22%3B'
    'HTTP_CONNECTION' => 'keep-alive'
    'PATH' => 'C:\\windows\\system32;C:\\windows;C:\\windows\\system32\\wbem;C:\\windows\\system32\\windowspowershell\\v1.0\\;c:\\program files\\lenovo\\bluetooth software\\;c:\\program files\\lenovo\\bluetooth software\\syswow64;c:\\program files (x86)\\microsoft sql server\\90\\tools\\binn\\;c:\\program files\\java\\jdk1.6.0_27\\bin\\;c:\\program files (x86)\\microsoft sql server\\100\\tools\\binn\\;c:\\program files\\microsoft sql server\\100\\tools\\binn\\;c:\\program files\\microsoft sql server\\100\\dts\\binn\\;c:\\xampp\\htdocs\\yii\\framework;c:\\program files (x86);C:\\PROGRA~2\\IBM\\SQLLIB\\BIN;C:\\PROGRA~2\\IBM\\SQLLIB\\FUNCTION;C:\\PROGRA~2\\IBM\\SQLLIB\\SAMPLES\\REPL;C:\\Program Files\\TortoiseGit\\bin;C:\\xampp\\php;C:\\ProgramData\\ComposerSetup\\bin;'
    'SystemRoot' => 'C:\\windows'
    'COMSPEC' => 'C:\\windows\\system32\\cmd.exe'
    'PATHEXT' => '.COM;.EXE;.BAT;.CMD;.VBS;.VBE;.JS;.JSE;.WSF;.WSH;.MSC'
    'WINDIR' => 'C:\\windows'
    'SERVER_SIGNATURE' => '<address>Apache/2.4.4 (Win32) OpenSSL/1.0.1e PHP/5.5.1 Server at localhost Port 80</address>
'
    'SERVER_SOFTWARE' => 'Apache/2.4.4 (Win32) OpenSSL/1.0.1e PHP/5.5.1'
    'SERVER_NAME' => 'localhost'
    'SERVER_ADDR' => '::1'
    'SERVER_PORT' => '80'
    'REMOTE_ADDR' => '::1'
    'DOCUMENT_ROOT' => 'C:/xampp/htdocs'
    'REQUEST_SCHEME' => 'http'
    'CONTEXT_PREFIX' => ''
    'CONTEXT_DOCUMENT_ROOT' => 'C:/xampp/htdocs'
    'SERVER_ADMIN' => 'postmaster@localhost'
    'SCRIPT_FILENAME' => 'C:/xampp/htdocs/jmgtcc/backend/web/index.php'
    'REMOTE_PORT' => '53144'
    'GATEWAY_INTERFACE' => 'CGI/1.1'
    'SERVER_PROTOCOL' => 'HTTP/1.1'
    'REQUEST_METHOD' => 'GET'
    'QUERY_STRING' => 'r=contactnumber'
    'REQUEST_URI' => '/jmgtcc/backend/web/index.php?r=contactnumber'
    'SCRIPT_NAME' => '/jmgtcc/backend/web/index.php'
    'PHP_SELF' => '/jmgtcc/backend/web/index.php'
    'REQUEST_TIME_FLOAT' => 1425817108.501
    'REQUEST_TIME' => 1425817108
]
